Determining if the pthread_create exist failed with the following output:
Change Dir: /home/turtlebot3remote/iiwa_stack_ws/build/iiwa_ros/CMakeFiles/CMakeTmp

Run Build Command:"/usr/bin/make" "cmTC_cbacc/fast"
/usr/bin/make -f CMakeFiles/cmTC_cbacc.dir/build.make CMakeFiles/cmTC_cbacc.dir/build
make[1]: Entering directory '/home/turtlebot3remote/iiwa_stack_ws/build/iiwa_ros/CMakeFiles/CMakeTmp'
Building C object CMakeFiles/cmTC_cbacc.dir/CheckSymbolExists.c.o
/usr/bin/cc     -o CMakeFiles/cmTC_cbacc.dir/CheckSymbolExists.c.o   -c /home/turtlebot3remote/iiwa_stack_ws/build/iiwa_ros/CMakeFiles/CMakeTmp/CheckSymbolExists.c
Linking C executable cmTC_cbacc
/usr/bin/cmake -E cmake_link_script CMakeFiles/cmTC_cbacc.dir/link.txt --verbose=1
/usr/bin/cc       CMakeFiles/cmTC_cbacc.dir/CheckSymbolExists.c.o  -o cmTC_cbacc -rdynamic 
CMakeFiles/cmTC_cbacc.dir/CheckSymbolExists.c.o: In function `main':
CheckSymbolExists.c:(.text+0x16): undefined reference to `pthread_create'
collect2: error: ld returned 1 exit status
CMakeFiles/cmTC_cbacc.dir/build.make:97: recipe for target 'cmTC_cbacc' failed
make[1]: *** [cmTC_cbacc] Error 1
make[1]: Leaving directory '/home/turtlebot3remote/iiwa_stack_ws/build/iiwa_ros/CMakeFiles/CMakeTmp'
Makefile:126: recipe for target 'cmTC_cbacc/fast' failed
make: *** [cmTC_cbacc/fast] Error 2

File /home/turtlebot3remote/iiwa_stack_ws/build/iiwa_ros/CMakeFiles/CMakeTmp/CheckSymbolExists.c:
/* */
#include <pthread.h>

int main(int argc, char** argv)
{
  (void)argv;
#ifndef pthread_create
  return ((int*)(&pthread_create))[argc];
#else
  (void)argc;
  return 0;
#endif
}

Determining if the function pthread_create exists in the pthreads failed with the following output:
Change Dir: /home/turtlebot3remote/iiwa_stack_ws/build/iiwa_ros/CMakeFiles/CMakeTmp

Run Build Command:"/usr/bin/make" "cmTC_9df24/fast"
/usr/bin/make -f CMakeFiles/cmTC_9df24.dir/build.make CMakeFiles/cmTC_9df24.dir/build
make[1]: Entering directory '/home/turtlebot3remote/iiwa_stack_ws/build/iiwa_ros/CMakeFiles/CMakeTmp'
Building C object CMakeFiles/cmTC_9df24.dir/CheckFunctionExists.c.o
/usr/bin/cc    -DCHECK_FUNCTION_EXISTS=pthread_create   -o CMakeFiles/cmTC_9df24.dir/CheckFunctionExists.c.o   -c /usr/share/cmake-3.5/Modules/CheckFunctionExists.c
Linking C executable cmTC_9df24
/usr/bin/cmake -E cmake_link_script CMakeFiles/cmTC_9df24.dir/link.txt --verbose=1
/usr/bin/cc   -DCHECK_FUNCTION_EXISTS=pthread_create    CMakeFiles/cmTC_9df24.dir/CheckFunctionExists.c.o  -o cmTC_9df24 -rdynamic -lpthreads 
/usr/bin/ld: cannot find -lpthreads
collect2: error: ld returned 1 exit status
CMakeFiles/cmTC_9df24.dir/build.make:97: recipe for target 'cmTC_9df24' failed
make[1]: *** [cmTC_9df24] Error 1
make[1]: Leaving directory '/home/turtlebot3remote/iiwa_stack_ws/build/iiwa_ros/CMakeFiles/CMakeTmp'
Makefile:126: recipe for target 'cmTC_9df24/fast' failed
make: *** [cmTC_9df24/fast] Error 2


