[35m[1mScanning dependencies of target _iiwa_msgs_generate_messages_check_deps_CartesianQuantity[0m
[35m[1mScanning dependencies of target _iiwa_msgs_generate_messages_check_deps_JointPosition[0m
[35m[1mScanning dependencies of target _iiwa_msgs_generate_messages_check_deps_ControlMode[0m
[35m[1mScanning dependencies of target _iiwa_msgs_generate_messages_check_deps_MoveToJointPositionActionFeedback[0m
[35m[1mScanning dependencies of target _iiwa_msgs_generate_messages_check_deps_MoveToJointPositionResult[0m
[35m[1mScanning dependencies of target _iiwa_msgs_generate_messages_check_deps_MoveAlongSplineFeedback[0m
[35m[1mScanning dependencies of target _iiwa_msgs_generate_messages_check_deps_MoveToJointPositionGoal[0m
[35m[1mScanning dependencies of target _iiwa_msgs_generate_messages_check_deps_SplineSegment[0m
[35m[1mScanning dependencies of target _iiwa_msgs_generate_messages_check_deps_MoveToCartesianPoseResult[0m
[35m[1mScanning dependencies of target _iiwa_msgs_generate_messages_check_deps_MoveToJointPositionAction[0m
[35m[1mScanning dependencies of target _iiwa_msgs_generate_messages_check_deps_CartesianVelocity[0m
[  0%] Built target _iiwa_msgs_generate_messages_check_deps_JointPosition
[  0%] Built target _iiwa_msgs_generate_messages_check_deps_MoveToCartesianPoseResult
[  0%] Built target _iiwa_msgs_generate_messages_check_deps_MoveToJointPositionGoal
[  0%] Built target _iiwa_msgs_generate_messages_check_deps_CartesianQuantity
[  0%] Built target _iiwa_msgs_generate_messages_check_deps_MoveToJointPositionActionFeedback
[  0%] Built target _iiwa_msgs_generate_messages_check_deps_MoveToJointPositionResult
[  0%] Built target _iiwa_msgs_generate_messages_check_deps_SplineSegment
[  0%] Built target _iiwa_msgs_generate_messages_check_deps_ControlMode
[  0%] Built target _iiwa_msgs_generate_messages_check_deps_MoveAlongSplineFeedback
[  0%] Built target _iiwa_msgs_generate_messages_check_deps_MoveToJointPositionAction
[35m[1mScanning dependencies of target _iiwa_msgs_generate_messages_check_deps_DOF[0m
[35m[1mScanning dependencies of target _iiwa_msgs_generate_messages_check_deps_CartesianControlModeLimits[0m
[35m[1mScanning dependencies of target _iiwa_msgs_generate_messages_check_deps_MoveToCartesianPoseGoal[0m
[  0%] Built target _iiwa_msgs_generate_messages_check_deps_CartesianVelocity
[35m[1mScanning dependencies of target _iiwa_msgs_generate_messages_check_deps_MoveToCartesianPoseActionResult[0m
[35m[1mScanning dependencies of target _iiwa_msgs_generate_messages_check_deps_JointPositionVelocity[0m
[35m[1mScanning dependencies of target _iiwa_msgs_generate_messages_check_deps_MoveToCartesianPoseActionGoal[0m
[35m[1mScanning dependencies of target _iiwa_msgs_generate_messages_check_deps_SetEndpointFrame[0m
[35m[1mScanning dependencies of target _iiwa_msgs_generate_messages_check_deps_MoveToCartesianPoseAction[0m
[35m[1mScanning dependencies of target _iiwa_msgs_generate_messages_check_deps_SetPTPCartesianSpeedLimits[0m
[35m[1mScanning dependencies of target _iiwa_msgs_generate_messages_check_deps_MoveAlongSplineGoal[0m
[35m[1mScanning dependencies of target _iiwa_msgs_generate_messages_check_deps_JointDamping[0m
[  0%] Built target _iiwa_msgs_generate_messages_check_deps_MoveToCartesianPoseActionResult
[  0%] Built target _iiwa_msgs_generate_messages_check_deps_MoveToCartesianPoseActionGoal
[  0%] Built target _iiwa_msgs_generate_messages_check_deps_MoveToCartesianPoseGoal
[  0%] Built target _iiwa_msgs_generate_messages_check_deps_CartesianControlModeLimits
[  0%] Built target _iiwa_msgs_generate_messages_check_deps_DOF
[  0%] Built target _iiwa_msgs_generate_messages_check_deps_JointPositionVelocity
[  0%] Built target _iiwa_msgs_generate_messages_check_deps_SetEndpointFrame
[  0%] Built target _iiwa_msgs_generate_messages_check_deps_MoveToCartesianPoseAction
[35m[1mScanning dependencies of target _iiwa_msgs_generate_messages_check_deps_SetPTPJointSpeedLimits[0m
[35m[1mScanning dependencies of target _iiwa_msgs_generate_messages_check_deps_MoveAlongSplineActionGoal[0m
[35m[1mScanning dependencies of target _iiwa_msgs_generate_messages_check_deps_MoveAlongSplineActionResult[0m
[35m[1mScanning dependencies of target actionlib_msgs_generate_messages_py[0m
[35m[1mScanning dependencies of target _iiwa_msgs_generate_messages_check_deps_SetSmartServoLinSpeedLimits[0m
[  0%] Built target _iiwa_msgs_generate_messages_check_deps_MoveAlongSplineGoal
[  0%] Built target _iiwa_msgs_generate_messages_check_deps_JointDamping
[35m[1mScanning dependencies of target _iiwa_msgs_generate_messages_check_deps_MoveAlongSplineAction[0m
[35m[1mScanning dependencies of target _iiwa_msgs_generate_messages_check_deps_SetSmartServoJointSpeedLimits[0m
[35m[1mScanning dependencies of target std_msgs_generate_messages_py[0m
[  0%] Built target _iiwa_msgs_generate_messages_check_deps_SetPTPCartesianSpeedLimits
[35m[1mScanning dependencies of target _iiwa_msgs_generate_messages_check_deps_MoveAlongSplineResult[0m
[  0%] Built target actionlib_msgs_generate_messages_py
[35m[1mScanning dependencies of target _iiwa_msgs_generate_messages_check_deps_MoveToCartesianPoseFeedback[0m
[35m[1mScanning dependencies of target geometry_msgs_generate_messages_py[0m
[  0%] Built target std_msgs_generate_messages_py
[35m[1mScanning dependencies of target _iiwa_msgs_generate_messages_check_deps_SetSpeedOverride[0m
[  0%] Built target geometry_msgs_generate_messages_py
[  0%] Built target _iiwa_msgs_generate_messages_check_deps_MoveAlongSplineActionResult
[  0%] Built target _iiwa_msgs_generate_messages_check_deps_MoveAlongSplineAction
[35m[1mScanning dependencies of target _iiwa_msgs_generate_messages_check_deps_MoveToCartesianPoseActionFeedback[0m
[  0%] Built target _iiwa_msgs_generate_messages_check_deps_MoveAlongSplineActionGoal
[  0%] Built target _iiwa_msgs_generate_messages_check_deps_SetSmartServoLinSpeedLimits
[  0%] Built target _iiwa_msgs_generate_messages_check_deps_SetPTPJointSpeedLimits
[  0%] Built target _iiwa_msgs_generate_messages_check_deps_SetSmartServoJointSpeedLimits
[35m[1mScanning dependencies of target _iiwa_msgs_generate_messages_check_deps_CartesianEulerPose[0m
[35m[1mScanning dependencies of target _iiwa_msgs_generate_messages_check_deps_ConfigureControlMode[0m
[35m[1mScanning dependencies of target _iiwa_msgs_generate_messages_check_deps_JointStiffness[0m
[35m[1mScanning dependencies of target _iiwa_msgs_generate_messages_check_deps_JointQuantity[0m
[35m[1mScanning dependencies of target _iiwa_msgs_generate_messages_check_deps_Spline[0m
[35m[1mScanning dependencies of target _iiwa_msgs_generate_messages_check_deps_TimeToDestination[0m
[35m[1mScanning dependencies of target _iiwa_msgs_generate_messages_check_deps_MoveAlongSplineActionFeedback[0m
[  0%] Built target _iiwa_msgs_generate_messages_check_deps_MoveToCartesianPoseFeedback
[  0%] Built target _iiwa_msgs_generate_messages_check_deps_SetSpeedOverride
[35m[1mScanning dependencies of target _iiwa_msgs_generate_messages_check_deps_RedundancyInformation[0m
[  0%] Built target _iiwa_msgs_generate_messages_check_deps_MoveAlongSplineResult
[  0%] Built target _iiwa_msgs_generate_messages_check_deps_MoveToCartesianPoseActionFeedback
[35m[1mScanning dependencies of target _iiwa_msgs_generate_messages_check_deps_MoveToJointPositionActionResult[0m
[35m[1mScanning dependencies of target _iiwa_msgs_generate_messages_check_deps_DesiredForceControlMode[0m
[  0%] Built target _iiwa_msgs_generate_messages_check_deps_CartesianEulerPose
[  0%] Built target _iiwa_msgs_generate_messages_check_deps_Spline
[  0%] Built target _iiwa_msgs_generate_messages_check_deps_JointQuantity
[  0%] Built target _iiwa_msgs_generate_messages_check_deps_JointStiffness
[  0%] Built target _iiwa_msgs_generate_messages_check_deps_ConfigureControlMode
[  0%] Built target _iiwa_msgs_generate_messages_check_deps_MoveAlongSplineActionFeedback
[35m[1mScanning dependencies of target _iiwa_msgs_generate_messages_check_deps_SinePatternControlMode[0m
[  0%] Built target _iiwa_msgs_generate_messages_check_deps_TimeToDestination
[35m[1mScanning dependencies of target _iiwa_msgs_generate_messages_check_deps_MoveToJointPositionActionGoal[0m
[35m[1mScanning dependencies of target _iiwa_msgs_generate_messages_check_deps_SetWorkpiece[0m
[35m[1mScanning dependencies of target _iiwa_msgs_generate_messages_check_deps_CartesianPose[0m
[  0%] Built target _iiwa_msgs_generate_messages_check_deps_RedundancyInformation
[35m[1mScanning dependencies of target _iiwa_msgs_generate_messages_check_deps_JointTorque[0m
[35m[1mScanning dependencies of target _iiwa_msgs_generate_messages_check_deps_CartesianWrench[0m
[35m[1mScanning dependencies of target _iiwa_msgs_generate_messages_check_deps_MoveToJointPositionFeedback[0m
[35m[1mScanning dependencies of target _iiwa_msgs_generate_messages_check_deps_CartesianPlane[0m
[  0%] Built target _iiwa_msgs_generate_messages_check_deps_DesiredForceControlMode
[  0%] Built target _iiwa_msgs_generate_messages_check_deps_MoveToJointPositionActionResult
[35m[1mScanning dependencies of target _iiwa_msgs_generate_messages_check_deps_CartesianImpedanceControlMode[0m
[  0%] Built target _iiwa_msgs_generate_messages_check_deps_SinePatternControlMode
[  0%] Built target _iiwa_msgs_generate_messages_check_deps_MoveToJointPositionActionGoal
[35m[1mScanning dependencies of target _iiwa_msgs_generate_messages_check_deps_JointImpedanceControlMode[0m
[35m[1mScanning dependencies of target _iiwa_msgs_generate_messages_check_deps_JointVelocity[0m
[35m[1mScanning dependencies of target geometry_msgs_generate_messages_nodejs[0m
[35m[1mScanning dependencies of target actionlib_msgs_generate_messages_nodejs[0m
[  0%] Built target _iiwa_msgs_generate_messages_check_deps_CartesianPose
[  0%] Built target geometry_msgs_generate_messages_nodejs
[  0%] Built target _iiwa_msgs_generate_messages_check_deps_SetWorkpiece
[  0%] Built target _iiwa_msgs_generate_messages_check_deps_CartesianWrench
[  0%] Built target actionlib_msgs_generate_messages_nodejs
[  0%] Built target _iiwa_msgs_generate_messages_check_deps_JointVelocity
[  0%] Built target _iiwa_msgs_generate_messages_check_deps_CartesianPlane
[  0%] Built target _iiwa_msgs_generate_messages_check_deps_MoveToJointPositionFeedback
[  0%] Built target _iiwa_msgs_generate_messages_check_deps_JointTorque
[  0%] Built target _iiwa_msgs_generate_messages_check_deps_CartesianImpedanceControlMode
[  0%] Built target _iiwa_msgs_generate_messages_check_deps_JointImpedanceControlMode
[35m[1mScanning dependencies of target std_msgs_generate_messages_nodejs[0m
[35m[1mScanning dependencies of target std_msgs_generate_messages_eus[0m
[35m[1mScanning dependencies of target geometry_msgs_generate_messages_eus[0m
[35m[1mScanning dependencies of target geometry_msgs_generate_messages_lisp[0m
[35m[1mScanning dependencies of target std_msgs_generate_messages_lisp[0m
[35m[1mScanning dependencies of target actionlib_msgs_generate_messages_eus[0m
[35m[1mScanning dependencies of target geometry_msgs_generate_messages_cpp[0m
[35m[1mScanning dependencies of target actionlib_msgs_generate_messages_lisp[0m
[35m[1mScanning dependencies of target actionlib_msgs_generate_messages_cpp[0m
[35m[1mScanning dependencies of target std_msgs_generate_messages_cpp[0m
[  0%] Built target std_msgs_generate_messages_eus
[  0%] Built target std_msgs_generate_messages_nodejs
[  0%] Built target actionlib_msgs_generate_messages_lisp
[  0%] Built target geometry_msgs_generate_messages_eus
[  0%] Built target geometry_msgs_generate_messages_cpp
[  0%] Built target actionlib_msgs_generate_messages_cpp
[  0%] Built target std_msgs_generate_messages_lisp
[  0%] Built target actionlib_msgs_generate_messages_eus
[  0%] Built target std_msgs_generate_messages_cpp
[  0%] Built target geometry_msgs_generate_messages_lisp
[35m[1mScanning dependencies of target iiwa_msgs_generate_messages_nodejs[0m
[35m[1mScanning dependencies of target iiwa_msgs_generate_messages_py[0m
[35m[1mScanning dependencies of target iiwa_msgs_generate_messages_eus[0m
[35m[1mScanning dependencies of target iiwa_msgs_generate_messages_cpp[0m
[  1%] [34m[1mGenerating Javascript code from iiwa_msgs/MoveToJointPositionFeedback.msg[0m
[35m[1mScanning dependencies of target iiwa_msgs_generate_messages_lisp[0m
[  1%] [34m[1mGenerating Javascript code from iiwa_msgs/CartesianEulerPose.msg[0m
[  1%] [34m[1mGenerating Javascript code from iiwa_msgs/JointVelocity.msg[0m
[  1%] [34m[1mGenerating Javascript code from iiwa_msgs/MoveAlongSplineActionResult.msg[0m
[  2%] [34m[1mGenerating Javascript code from iiwa_msgs/Spline.msg[0m
[  2%] [34m[1mGenerating Javascript code from iiwa_msgs/MoveToJointPositionActionResult.msg[0m
[  2%] [34m[1mGenerating Javascript code from iiwa_msgs/JointStiffness.msg[0m
[  2%] [34m[1mGenerating Python from MSG iiwa_msgs/CartesianEulerPose[0m
[  3%] [34m[1mGenerating C++ code from iiwa_msgs/CartesianEulerPose.msg[0m
[  4%] [34m[1mGenerating EusLisp code from iiwa_msgs/CartesianEulerPose.msg[0m
[  4%] [34m[1mGenerating Lisp code from iiwa_msgs/CartesianEulerPose.msg[0m
[  5%] [34m[1mGenerating Lisp code from iiwa_msgs/MoveToJointPositionFeedback.msg[0m
[  5%] [34m[1mGenerating Lisp code from iiwa_msgs/MoveAlongSplineActionResult.msg[0m
[  5%] [34m[1mGenerating Lisp code from iiwa_msgs/JointStiffness.msg[0m
[  5%] [34m[1mGenerating EusLisp code from iiwa_msgs/MoveToJointPositionFeedback.msg[0m
[  6%] [34m[1mGenerating Lisp code from iiwa_msgs/Spline.msg[0m
[  7%] [34m[1mGenerating Javascript code from iiwa_msgs/DesiredForceControlMode.msg[0m
[  7%] [34m[1mGenerating Lisp code from iiwa_msgs/MoveToJointPositionActionResult.msg[0m
[  7%] [34m[1mGenerating C++ code from iiwa_msgs/MoveToJointPositionFeedback.msg[0m
[  7%] [34m[1mGenerating Javascript code from iiwa_msgs/MoveToJointPositionActionGoal.msg[0m
[  7%] [34m[1mGenerating Javascript code from iiwa_msgs/JointQuantity.msg[0m
[  8%] [34m[1mGenerating Python from MSG iiwa_msgs/MoveToJointPositionFeedback[0m
[  9%] [34m[1mGenerating Javascript code from iiwa_msgs/JointTorque.msg[0m
[  9%] [34m[1mGenerating Lisp code from iiwa_msgs/JointVelocity.msg[0m
[ 10%] [34m[1mGenerating C++ code from iiwa_msgs/MoveAlongSplineActionResult.msg[0m
[ 10%] [34m[1mGenerating C++ code from iiwa_msgs/JointStiffness.msg[0m
[ 10%] [34m[1mGenerating Javascript code from iiwa_msgs/JointPosition.msg[0m
[ 10%] [34m[1mGenerating Python from MSG iiwa_msgs/MoveAlongSplineActionResult[0m
[ 10%] [34m[1mGenerating C++ code from iiwa_msgs/Spline.msg[0m
[ 11%] [34m[1mGenerating EusLisp code from iiwa_msgs/MoveAlongSplineActionResult.msg[0m
[ 11%] [34m[1mGenerating Javascript code from iiwa_msgs/MoveToJointPositionActionFeedback.msg[0m
[ 11%] [34m[1mGenerating EusLisp code from iiwa_msgs/JointStiffness.msg[0m
[ 12%] [34m[1mGenerating Javascript code from iiwa_msgs/MoveToCartesianPoseGoal.msg[0m
[ 13%] [34m[1mGenerating Lisp code from iiwa_msgs/DesiredForceControlMode.msg[0m
[ 14%] [34m[1mGenerating C++ code from iiwa_msgs/MoveToJointPositionActionResult.msg[0m
[ 14%] [34m[1mGenerating Python from MSG iiwa_msgs/JointStiffness[0m
[ 14%] [34m[1mGenerating Lisp code from iiwa_msgs/MoveToJointPositionActionGoal.msg[0m
[ 14%] [34m[1mGenerating Javascript code from iiwa_msgs/CartesianWrench.msg[0m
[ 14%] [34m[1mGenerating Lisp code from iiwa_msgs/JointQuantity.msg[0m
[ 15%] [34m[1mGenerating Javascript code from iiwa_msgs/CartesianPlane.msg[0m
[ 15%] [34m[1mGenerating EusLisp code from iiwa_msgs/Spline.msg[0m
[ 16%] [34m[1mGenerating Lisp code from iiwa_msgs/JointTorque.msg[0m
[ 16%] [34m[1mGenerating C++ code from iiwa_msgs/JointVelocity.msg[0m
[ 16%] [34m[1mGenerating Javascript code from iiwa_msgs/CartesianImpedanceControlMode.msg[0m
[ 16%] [34m[1mGenerating C++ code from iiwa_msgs/DesiredForceControlMode.msg[0m
[ 16%] [34m[1mGenerating Lisp code from iiwa_msgs/JointPosition.msg[0m
[ 16%] [34m[1mGenerating Javascript code from iiwa_msgs/MoveToJointPositionGoal.msg[0m
[ 16%] [34m[1mGenerating Lisp code from iiwa_msgs/MoveToJointPositionActionFeedback.msg[0m
[ 17%] [34m[1mGenerating C++ code from iiwa_msgs/MoveToJointPositionActionGoal.msg[0m
[ 17%] [34m[1mGenerating C++ code from iiwa_msgs/JointQuantity.msg[0m
[ 17%] [34m[1mGenerating C++ code from iiwa_msgs/JointTorque.msg[0m
[ 18%] [34m[1mGenerating Python from MSG iiwa_msgs/Spline[0m
[ 19%] [34m[1mGenerating Lisp code from iiwa_msgs/MoveToCartesianPoseGoal.msg[0m
[ 20%] [34m[1mGenerating EusLisp code from iiwa_msgs/MoveToJointPositionActionResult.msg[0m
[ 20%] [34m[1mGenerating Python from MSG iiwa_msgs/MoveToJointPositionActionResult[0m
[ 21%] [34m[1mGenerating Javascript code from iiwa_msgs/MoveToCartesianPoseActionGoal.msg[0m
[ 22%] [34m[1mGenerating C++ code from iiwa_msgs/JointPosition.msg[0m
[ 22%] [34m[1mGenerating EusLisp code from iiwa_msgs/JointVelocity.msg[0m
[ 22%] [34m[1mGenerating C++ code from iiwa_msgs/MoveToJointPositionActionFeedback.msg[0m
[ 22%] [34m[1mGenerating Lisp code from iiwa_msgs/CartesianWrench.msg[0m
[ 22%] [34m[1mGenerating Javascript code from iiwa_msgs/MoveAlongSplineGoal.msg[0m
[ 22%] [34m[1mGenerating C++ code from iiwa_msgs/MoveToCartesianPoseGoal.msg[0m
[ 23%] [34m[1mGenerating C++ code from iiwa_msgs/CartesianWrench.msg[0m
[ 23%] [34m[1mGenerating C++ code from iiwa_msgs/CartesianPlane.msg[0m
[ 24%] [34m[1mGenerating C++ code from iiwa_msgs/CartesianImpedanceControlMode.msg[0m
[ 24%] [34m[1mGenerating EusLisp code from iiwa_msgs/DesiredForceControlMode.msg[0m
[ 24%] [34m[1mGenerating Python from MSG iiwa_msgs/JointVelocity[0m
[ 25%] [34m[1mGenerating EusLisp code from iiwa_msgs/MoveToJointPositionActionGoal.msg[0m
[ 26%] [34m[1mGenerating Lisp code from iiwa_msgs/CartesianPlane.msg[0m
[ 26%] [34m[1mGenerating Javascript code from iiwa_msgs/DOF.msg[0m
[ 26%] [34m[1mGenerating C++ code from iiwa_msgs/MoveToJointPositionGoal.msg[0m
[ 26%] [34m[1mGenerating Lisp code from iiwa_msgs/CartesianImpedanceControlMode.msg[0m
[ 26%] [34m[1mGenerating C++ code from iiwa_msgs/MoveToCartesianPoseActionGoal.msg[0m
[ 27%] [34m[1mGenerating Javascript code from iiwa_msgs/SinePatternControlMode.msg[0m
[ 28%] [34m[1mGenerating C++ code from iiwa_msgs/MoveAlongSplineGoal.msg[0m
[ 28%] [34m[1mGenerating C++ code from iiwa_msgs/DOF.msg[0m
[ 28%] [34m[1mGenerating EusLisp code from iiwa_msgs/JointQuantity.msg[0m
[ 28%] [34m[1mGenerating C++ code from iiwa_msgs/SinePatternControlMode.msg[0m
[ 29%] [34m[1mGenerating C++ code from iiwa_msgs/CartesianControlModeLimits.msg[0m
[ 30%] [34m[1mGenerating Python from MSG iiwa_msgs/DesiredForceControlMode[0m
[ 30%] [34m[1mGenerating Lisp code from iiwa_msgs/MoveToJointPositionGoal.msg[0m
[ 30%] [34m[1mGenerating C++ code from iiwa_msgs/JointImpedanceControlMode.msg[0m
[ 30%] [34m[1mGenerating Javascript code from iiwa_msgs/CartesianControlModeLimits.msg[0m
[ 30%] [34m[1mGenerating EusLisp code from iiwa_msgs/JointTorque.msg[0m
[ 31%] [34m[1mGenerating Lisp code from iiwa_msgs/MoveToCartesianPoseActionGoal.msg[0m
[ 31%] [34m[1mGenerating Lisp code from iiwa_msgs/MoveAlongSplineGoal.msg[0m
[ 31%] [34m[1mGenerating Javascript code from iiwa_msgs/JointImpedanceControlMode.msg[0m
[ 31%] [34m[1mGenerating C++ code from iiwa_msgs/MoveToCartesianPoseActionResult.msg[0m
[ 32%] [34m[1mGenerating Lisp code from iiwa_msgs/SinePatternControlMode.msg[0m
[ 32%] [34m[1mGenerating Lisp code from iiwa_msgs/DOF.msg[0m
[ 34%] [34m[1mGenerating C++ code from iiwa_msgs/MoveToCartesianPoseAction.msg[0m
[ 35%] [34m[1mGenerating EusLisp code from iiwa_msgs/JointPosition.msg[0m
[ 36%] [34m[1mGenerating Javascript code from iiwa_msgs/MoveToCartesianPoseActionResult.msg[0m
[ 36%] [34m[1mGenerating Python from MSG iiwa_msgs/MoveToJointPositionActionGoal[0m
[ 36%] [34m[1mGenerating C++ code from iiwa_msgs/MoveAlongSplineActionFeedback.msg[0m
[ 36%] [34m[1mGenerating EusLisp code from iiwa_msgs/MoveToJointPositionActionFeedback.msg[0m
[ 36%] [34m[1mGenerating Lisp code from iiwa_msgs/CartesianControlModeLimits.msg[0m
[ 36%] [34m[1mGenerating Lisp code from iiwa_msgs/JointImpedanceControlMode.msg[0m
[ 36%] [34m[1mGenerating Python from MSG iiwa_msgs/JointQuantity[0m
[ 36%] [34m[1mGenerating EusLisp code from iiwa_msgs/MoveToCartesianPoseGoal.msg[0m
[ 36%] [34m[1mGenerating Javascript code from iiwa_msgs/MoveToCartesianPoseAction.msg[0m
[ 36%] [34m[1mGenerating Javascript code from iiwa_msgs/MoveAlongSplineActionFeedback.msg[0m
[ 37%] [34m[1mGenerating EusLisp code from iiwa_msgs/CartesianWrench.msg[0m
[ 38%] [34m[1mGenerating Lisp code from iiwa_msgs/MoveToCartesianPoseActionResult.msg[0m
[ 39%] [34m[1mGenerating Javascript code from iiwa_msgs/MoveToCartesianPoseActionFeedback.msg[0m
[ 39%] [34m[1mGenerating C++ code from iiwa_msgs/MoveToCartesianPoseActionFeedback.msg[0m
[ 40%] [34m[1mGenerating Python from MSG iiwa_msgs/JointTorque[0m
[ 41%] [34m[1mGenerating C++ code from iiwa_msgs/MoveToJointPositionAction.msg[0m
[ 41%] [34m[1mGenerating Python from MSG iiwa_msgs/JointPosition[0m
[ 41%] [34m[1mGenerating EusLisp code from iiwa_msgs/CartesianPlane.msg[0m
[ 41%] [34m[1mGenerating Javascript code from iiwa_msgs/MoveToJointPositionAction.msg[0m
[ 41%] [34m[1mGenerating Python from MSG iiwa_msgs/MoveToJointPositionActionFeedback[0m
[ 42%] [34m[1mGenerating Python from MSG iiwa_msgs/MoveToCartesianPoseGoal[0m
[ 42%] [34m[1mGenerating Lisp code from iiwa_msgs/MoveToCartesianPoseAction.msg[0m
[ 43%] [34m[1mGenerating Javascript code from iiwa_msgs/CartesianVelocity.msg[0m
[ 43%] [34m[1mGenerating Python from MSG iiwa_msgs/CartesianWrench[0m
[ 44%] [34m[1mGenerating Javascript code from iiwa_msgs/ControlMode.msg[0m
[ 44%] [34m[1mGenerating Python from MSG iiwa_msgs/CartesianPlane[0m
[ 44%] [34m[1mGenerating C++ code from iiwa_msgs/CartesianVelocity.msg[0m
[ 44%] [34m[1mGenerating Python from MSG iiwa_msgs/CartesianImpedanceControlMode[0m
[ 45%] [34m[1mGenerating C++ code from iiwa_msgs/ControlMode.msg[0m
[ 45%] [34m[1mGenerating Javascript code from iiwa_msgs/MoveAlongSplineResult.msg[0m
[ 46%] [34m[1mGenerating EusLisp code from iiwa_msgs/CartesianImpedanceControlMode.msg[0m
[ 46%] [34m[1mGenerating Lisp code from iiwa_msgs/MoveAlongSplineActionFeedback.msg[0m
[ 47%] [34m[1mGenerating Lisp code from iiwa_msgs/MoveToCartesianPoseActionFeedback.msg[0m
[ 48%] [34m[1mGenerating Javascript code from iiwa_msgs/MoveToCartesianPoseResult.msg[0m
[ 48%] [34m[1mGenerating Python from MSG iiwa_msgs/MoveToJointPositionGoal[0m
[ 48%] [34m[1mGenerating C++ code from iiwa_msgs/MoveAlongSplineResult.msg[0m
[ 49%] [34m[1mGenerating Python from MSG iiwa_msgs/MoveToCartesianPoseActionGoal[0m
[ 49%] [34m[1mGenerating Javascript code from iiwa_msgs/MoveAlongSplineFeedback.msg[0m
[ 49%] [34m[1mGenerating Lisp code from iiwa_msgs/MoveToJointPositionAction.msg[0m
[ 50%] [34m[1mGenerating Lisp code from iiwa_msgs/CartesianVelocity.msg[0m
[ 50%] [34m[1mGenerating Python from MSG iiwa_msgs/MoveAlongSplineGoal[0m
[ 50%] [34m[1mGenerating EusLisp code from iiwa_msgs/MoveToJointPositionGoal.msg[0m
[ 50%] [34m[1mGenerating Javascript code from iiwa_msgs/SplineSegment.msg[0m
[ 50%] [34m[1mGenerating Python from MSG iiwa_msgs/DOF[0m
[ 50%] [34m[1mGenerating Lisp code from iiwa_msgs/ControlMode.msg[0m
[ 51%] [34m[1mGenerating Python from MSG iiwa_msgs/CartesianControlModeLimits[0m
[ 51%] [34m[1mGenerating Lisp code from iiwa_msgs/MoveAlongSplineResult.msg[0m
[ 51%] [34m[1mGenerating Javascript code from iiwa_msgs/CartesianQuantity.msg[0m
[ 52%] [34m[1mGenerating Python from MSG iiwa_msgs/SinePatternControlMode[0m
[ 52%] [34m[1mGenerating EusLisp code from iiwa_msgs/MoveToCartesianPoseActionGoal.msg[0m
[ 52%] [34m[1mGenerating Javascript code from iiwa_msgs/CartesianPose.msg[0m
[ 52%] [34m[1mGenerating Python from MSG iiwa_msgs/JointImpedanceControlMode[0m
[ 52%] [34m[1mGenerating C++ code from iiwa_msgs/MoveToCartesianPoseResult.msg[0m
[ 52%] [34m[1mGenerating C++ code from iiwa_msgs/SplineSegment.msg[0m
[ 53%] [34m[1mGenerating C++ code from iiwa_msgs/MoveAlongSplineFeedback.msg[0m
[ 53%] [34m[1mGenerating Javascript code from iiwa_msgs/JointDamping.msg[0m
[ 54%] [34m[1mGenerating Lisp code from iiwa_msgs/MoveToCartesianPoseResult.msg[0m
[ 55%] [34m[1mGenerating Python from MSG iiwa_msgs/MoveToCartesianPoseActionResult[0m
[ 56%] [34m[1mGenerating Javascript code from iiwa_msgs/JointPositionVelocity.msg[0m
[ 56%] [34m[1mGenerating Python from MSG iiwa_msgs/MoveToCartesianPoseAction[0m
[ 56%] [34m[1mGenerating C++ code from iiwa_msgs/CartesianQuantity.msg[0m
[ 56%] [34m[1mGenerating Lisp code from iiwa_msgs/MoveAlongSplineFeedback.msg[0m
[ 57%] [34m[1mGenerating EusLisp code from iiwa_msgs/MoveAlongSplineGoal.msg[0m
[ 57%] [34m[1mGenerating Python from MSG iiwa_msgs/MoveAlongSplineActionFeedback[0m
[ 57%] [34m[1mGenerating Javascript code from iiwa_msgs/MoveAlongSplineActionGoal.msg[0m
[ 58%] [34m[1mGenerating Python from MSG iiwa_msgs/MoveToCartesianPoseActionFeedback[0m
[ 58%] [34m[1mGenerating Lisp code from iiwa_msgs/SplineSegment.msg[0m
[ 59%] [34m[1mGenerating Lisp code from iiwa_msgs/CartesianQuantity.msg[0m
[ 59%] [34m[1mGenerating Lisp code from iiwa_msgs/CartesianPose.msg[0m
[ 60%] [34m[1mGenerating C++ code from iiwa_msgs/CartesianPose.msg[0m
[ 60%] [34m[1mGenerating Javascript code from iiwa_msgs/MoveAlongSplineAction.msg[0m
[ 61%] [34m[1mGenerating Javascript code from iiwa_msgs/MoveToCartesianPoseFeedback.msg[0m
[ 61%] [34m[1mGenerating EusLisp code from iiwa_msgs/DOF.msg[0m
[ 61%] [34m[1mGenerating Python from MSG iiwa_msgs/MoveToJointPositionAction[0m
[ 61%] [34m[1mGenerating C++ code from iiwa_msgs/JointDamping.msg[0m
[ 61%] [34m[1mGenerating Lisp code from iiwa_msgs/JointDamping.msg[0m
[ 62%] [34m[1mGenerating Python from MSG iiwa_msgs/CartesianVelocity[0m
[ 62%] [34m[1mGenerating Python from MSG iiwa_msgs/MoveAlongSplineResult[0m
[ 62%] [34m[1mGenerating Javascript code from iiwa_msgs/RedundancyInformation.msg[0m
[ 62%] [34m[1mGenerating Python from MSG iiwa_msgs/ControlMode[0m
[ 62%] [34m[1mGenerating EusLisp code from iiwa_msgs/SinePatternControlMode.msg[0m
[ 62%] [34m[1mGenerating C++ code from iiwa_msgs/JointPositionVelocity.msg[0m
[ 63%] [34m[1mGenerating EusLisp code from iiwa_msgs/CartesianControlModeLimits.msg[0m
[ 64%] [34m[1mGenerating C++ code from iiwa_msgs/MoveAlongSplineActionGoal.msg[0m
[ 65%] [34m[1mGenerating Lisp code from iiwa_msgs/JointPositionVelocity.msg[0m
[ 67%] [34m[1mGenerating Javascript code from iiwa_msgs/MoveToJointPositionResult.msg[0m
[ 67%] [34m[1mGenerating Javascript code from iiwa_msgs/SetPTPJointSpeedLimits.srv[0m
[ 67%] [34m[1mGenerating Javascript code from iiwa_msgs/SetPTPCartesianSpeedLimits.srv[0m
[ 67%] [34m[1mGenerating EusLisp code from iiwa_msgs/JointImpedanceControlMode.msg[0m
[ 68%] [34m[1mGenerating Javascript code from iiwa_msgs/ConfigureControlMode.srv[0m
[ 68%] [34m[1mGenerating Lisp code from iiwa_msgs/MoveAlongSplineActionGoal.msg[0m
[ 68%] [34m[1mGenerating EusLisp code from iiwa_msgs/MoveToCartesianPoseActionResult.msg[0m
[ 69%] [34m[1mGenerating Lisp code from iiwa_msgs/MoveToCartesianPoseFeedback.msg[0m
[ 69%] [34m[1mGenerating Javascript code from iiwa_msgs/TimeToDestination.srv[0m
[ 69%] [34m[1mGenerating Javascript code from iiwa_msgs/SetWorkpiece.srv[0m
[ 69%] [34m[1mGenerating Lisp code from iiwa_msgs/MoveAlongSplineAction.msg[0m
[ 69%] [34m[1mGenerating C++ code from iiwa_msgs/MoveAlongSplineAction.msg[0m
[ 70%] [34m[1mGenerating Python from MSG iiwa_msgs/MoveToCartesianPoseResult[0m
[ 71%] [34m[1mGenerating Javascript code from iiwa_msgs/SetSpeedOverride.srv[0m
[ 71%] [34m[1mGenerating Lisp code from iiwa_msgs/RedundancyInformation.msg[0m
[ 72%] [34m[1mGenerating Lisp code from iiwa_msgs/MoveToJointPositionResult.msg[0m
[ 72%] [34m[1mGenerating Javascript code from iiwa_msgs/SetEndpointFrame.srv[0m
[ 72%] [34m[1mGenerating C++ code from iiwa_msgs/MoveToCartesianPoseFeedback.msg[0m
[ 73%] [34m[1mGenerating EusLisp code from iiwa_msgs/MoveToCartesianPoseAction.msg[0m
[ 73%] [34m[1mGenerating Javascript code from iiwa_msgs/SetSmartServoLinSpeedLimits.srv[0m
[ 74%] [34m[1mGenerating C++ code from iiwa_msgs/RedundancyInformation.msg[0m
[ 74%] [34m[1mGenerating Lisp code from iiwa_msgs/SetPTPJointSpeedLimits.srv[0m
[ 74%] [34m[1mGenerating EusLisp code from iiwa_msgs/MoveAlongSplineActionFeedback.msg[0m
[ 74%] [34m[1mGenerating EusLisp code from iiwa_msgs/MoveToCartesianPoseActionFeedback.msg[0m
[ 74%] [34m[1mGenerating Lisp code from iiwa_msgs/SetPTPCartesianSpeedLimits.srv[0m
[ 75%] [34m[1mGenerating Lisp code from iiwa_msgs/ConfigureControlMode.srv[0m
[ 76%] [34m[1mGenerating Javascript code from iiwa_msgs/SetSmartServoJointSpeedLimits.srv[0m
[ 77%] [34m[1mGenerating EusLisp code from iiwa_msgs/MoveToJointPositionAction.msg[0m
[ 77%] [34m[1mGenerating Python from MSG iiwa_msgs/MoveAlongSplineFeedback[0m
[ 77%] [34m[1mGenerating EusLisp code from iiwa_msgs/CartesianVelocity.msg[0m
[ 77%] [34m[1mGenerating Lisp code from iiwa_msgs/TimeToDestination.srv[0m
[ 77%] [34m[1mGenerating Python from MSG iiwa_msgs/SplineSegment[0m
[ 77%] [34m[1mGenerating Python from MSG iiwa_msgs/CartesianPose[0m
[ 77%] [34m[1mGenerating Lisp code from iiwa_msgs/SetWorkpiece.srv[0m
[ 78%] [34m[1mGenerating Python from MSG iiwa_msgs/CartesianQuantity[0m
[ 78%] [34m[1mGenerating C++ code from iiwa_msgs/MoveToJointPositionResult.msg[0m
[ 78%] Built target iiwa_msgs_generate_messages_nodejs
[ 79%] [34m[1mGenerating C++ code from iiwa_msgs/SetPTPJointSpeedLimits.srv[0m
[ 79%] [34m[1mGenerating Python from MSG iiwa_msgs/JointDamping[0m
[ 80%] [34m[1mGenerating Lisp code from iiwa_msgs/SetSpeedOverride.srv[0m
[ 80%] [34m[1mGenerating C++ code from iiwa_msgs/SetPTPCartesianSpeedLimits.srv[0m
[ 80%] [34m[1mGenerating Lisp code from iiwa_msgs/SetEndpointFrame.srv[0m
[ 81%] [34m[1mGenerating EusLisp code from iiwa_msgs/ControlMode.msg[0m
[ 81%] [34m[1mGenerating C++ code from iiwa_msgs/ConfigureControlMode.srv[0m
[ 81%] [34m[1mGenerating Lisp code from iiwa_msgs/SetSmartServoLinSpeedLimits.srv[0m
[ 82%] [34m[1mGenerating Python from MSG iiwa_msgs/JointPositionVelocity[0m
[ 82%] [34m[1mGenerating Python from MSG iiwa_msgs/MoveAlongSplineActionGoal[0m
[ 82%] [34m[1mGenerating Python from MSG iiwa_msgs/MoveAlongSplineAction[0m
[ 83%] [34m[1mGenerating Lisp code from iiwa_msgs/SetSmartServoJointSpeedLimits.srv[0m
[ 83%] [34m[1mGenerating EusLisp code from iiwa_msgs/MoveAlongSplineResult.msg[0m
[ 83%] [34m[1mGenerating EusLisp code from iiwa_msgs/MoveToCartesianPoseResult.msg[0m
[ 84%] [34m[1mGenerating C++ code from iiwa_msgs/TimeToDestination.srv[0m
[ 85%] [34m[1mGenerating Python from MSG iiwa_msgs/MoveToCartesianPoseFeedback[0m
[ 85%] [34m[1mGenerating Python from MSG iiwa_msgs/RedundancyInformation[0m
[ 85%] [34m[1mGenerating C++ code from iiwa_msgs/SetWorkpiece.srv[0m
[ 86%] [34m[1mGenerating EusLisp code from iiwa_msgs/MoveAlongSplineFeedback.msg[0m
[ 86%] Built target iiwa_msgs_generate_messages_lisp
[ 86%] [34m[1mGenerating EusLisp code from iiwa_msgs/SplineSegment.msg[0m
[ 86%] [34m[1mGenerating C++ code from iiwa_msgs/SetSpeedOverride.srv[0m
[ 86%] [34m[1mGenerating EusLisp code from iiwa_msgs/CartesianQuantity.msg[0m
[ 87%] [34m[1mGenerating Python from MSG iiwa_msgs/MoveToJointPositionResult[0m
[ 88%] [34m[1mGenerating EusLisp code from iiwa_msgs/CartesianPose.msg[0m
[ 89%] [34m[1mGenerating C++ code from iiwa_msgs/SetEndpointFrame.srv[0m
[ 89%] [34m[1mGenerating EusLisp code from iiwa_msgs/JointDamping.msg[0m
[ 89%] [34m[1mGenerating EusLisp code from iiwa_msgs/JointPositionVelocity.msg[0m
[ 89%] [34m[1mGenerating C++ code from iiwa_msgs/SetSmartServoLinSpeedLimits.srv[0m
[ 89%] [34m[1mGenerating C++ code from iiwa_msgs/SetSmartServoJointSpeedLimits.srv[0m
[ 90%] [34m[1mGenerating EusLisp code from iiwa_msgs/MoveAlongSplineActionGoal.msg[0m
[ 90%] [34m[1mGenerating Python code from SRV iiwa_msgs/SetPTPJointSpeedLimits[0m
[ 90%] [34m[1mGenerating EusLisp code from iiwa_msgs/MoveAlongSplineAction.msg[0m
[ 90%] [34m[1mGenerating EusLisp code from iiwa_msgs/MoveToCartesianPoseFeedback.msg[0m
[ 90%] [34m[1mGenerating Python code from SRV iiwa_msgs/SetPTPCartesianSpeedLimits[0m
[ 91%] [34m[1mGenerating Python code from SRV iiwa_msgs/ConfigureControlMode[0m
[ 91%] [34m[1mGenerating Python code from SRV iiwa_msgs/TimeToDestination[0m
[ 92%] [34m[1mGenerating EusLisp code from iiwa_msgs/RedundancyInformation.msg[0m
[ 92%] [34m[1mGenerating EusLisp code from iiwa_msgs/MoveToJointPositionResult.msg[0m
[ 93%] [34m[1mGenerating EusLisp code from iiwa_msgs/SetPTPJointSpeedLimits.srv[0m
[ 94%] [34m[1mGenerating Python code from SRV iiwa_msgs/SetSpeedOverride[0m
[ 94%] [34m[1mGenerating Python code from SRV iiwa_msgs/SetWorkpiece[0m
[ 94%] [34m[1mGenerating Python code from SRV iiwa_msgs/SetEndpointFrame[0m
[ 94%] [34m[1mGenerating EusLisp code from iiwa_msgs/ConfigureControlMode.srv[0m
[ 94%] [34m[1mGenerating EusLisp code from iiwa_msgs/SetPTPCartesianSpeedLimits.srv[0m
[ 94%] [34m[1mGenerating Python code from SRV iiwa_msgs/SetSmartServoLinSpeedLimits[0m
[ 95%] [34m[1mGenerating EusLisp code from iiwa_msgs/TimeToDestination.srv[0m
[ 96%] [34m[1mGenerating Python code from SRV iiwa_msgs/SetSmartServoJointSpeedLimits[0m
[ 96%] [34m[1mGenerating EusLisp code from iiwa_msgs/SetWorkpiece.srv[0m
[ 96%] [34m[1mGenerating EusLisp code from iiwa_msgs/SetSpeedOverride.srv[0m
[ 97%] [34m[1mGenerating EusLisp code from iiwa_msgs/SetEndpointFrame.srv[0m
[ 97%] [34m[1mGenerating EusLisp code from iiwa_msgs/SetSmartServoLinSpeedLimits.srv[0m
[ 97%] Built target iiwa_msgs_generate_messages_cpp
[ 98%] [34m[1mGenerating EusLisp manifest code for iiwa_msgs[0m
[ 98%] [34m[1mGenerating EusLisp code from iiwa_msgs/SetSmartServoJointSpeedLimits.srv[0m
[ 98%] [34m[1mGenerating Python msg __init__.py for iiwa_msgs[0m
[100%] [34m[1mGenerating Python srv __init__.py for iiwa_msgs[0m
[100%] Built target iiwa_msgs_generate_messages_py
[100%] Built target iiwa_msgs_generate_messages_eus
[35m[1mScanning dependencies of target iiwa_msgs_generate_messages[0m
[100%] Built target iiwa_msgs_generate_messages
