Symlinking /home/turtlebot3remote/iiwa_stack_ws/devel/lib/python2.7/dist-packages/iiwa_msgs/__init__.py
Symlinking /home/turtlebot3remote/iiwa_stack_ws/devel/lib/python2.7/dist-packages/iiwa_msgs/srv/_SetEndpointFrame.py
Symlinking /home/turtlebot3remote/iiwa_stack_ws/devel/lib/python2.7/dist-packages/iiwa_msgs/srv/_TimeToDestination.py
Symlinking /home/turtlebot3remote/iiwa_stack_ws/devel/lib/python2.7/dist-packages/iiwa_msgs/srv/_SetSpeedOverride.py
Symlinking /home/turtlebot3remote/iiwa_stack_ws/devel/lib/python2.7/dist-packages/iiwa_msgs/srv/__init__.py
Symlinking /home/turtlebot3remote/iiwa_stack_ws/devel/lib/python2.7/dist-packages/iiwa_msgs/srv/_ConfigureControlMode.py
Symlinking /home/turtlebot3remote/iiwa_stack_ws/devel/lib/python2.7/dist-packages/iiwa_msgs/srv/_SetSmartServoLinSpeedLimits.py
Symlinking /home/turtlebot3remote/iiwa_stack_ws/devel/lib/python2.7/dist-packages/iiwa_msgs/srv/_SetPTPCartesianSpeedLimits.py
Symlinking /home/turtlebot3remote/iiwa_stack_ws/devel/lib/python2.7/dist-packages/iiwa_msgs/srv/_SetSmartServoJointSpeedLimits.py
Symlinking /home/turtlebot3remote/iiwa_stack_ws/devel/lib/python2.7/dist-packages/iiwa_msgs/srv/_SetWorkpiece.py
Symlinking /home/turtlebot3remote/iiwa_stack_ws/devel/lib/python2.7/dist-packages/iiwa_msgs/srv/_SetPTPJointSpeedLimits.py
Symlinking /home/turtlebot3remote/iiwa_stack_ws/devel/lib/python2.7/dist-packages/iiwa_msgs/msg/_CartesianWrench.py
Symlinking /home/turtlebot3remote/iiwa_stack_ws/devel/lib/python2.7/dist-packages/iiwa_msgs/msg/_MoveAlongSplineGoal.py
Symlinking /home/turtlebot3remote/iiwa_stack_ws/devel/lib/python2.7/dist-packages/iiwa_msgs/msg/_JointVelocity.py
Symlinking /home/turtlebot3remote/iiwa_stack_ws/devel/lib/python2.7/dist-packages/iiwa_msgs/msg/_MoveToCartesianPoseResult.py
Symlinking /home/turtlebot3remote/iiwa_stack_ws/devel/lib/python2.7/dist-packages/iiwa_msgs/msg/_MoveToCartesianPoseAction.py
Symlinking /home/turtlebot3remote/iiwa_stack_ws/devel/lib/python2.7/dist-packages/iiwa_msgs/msg/_JointQuantity.py
Symlinking /home/turtlebot3remote/iiwa_stack_ws/devel/lib/python2.7/dist-packages/iiwa_msgs/msg/_MoveToCartesianPoseActionResult.py
Symlinking /home/turtlebot3remote/iiwa_stack_ws/devel/lib/python2.7/dist-packages/iiwa_msgs/msg/_Spline.py
Symlinking /home/turtlebot3remote/iiwa_stack_ws/devel/lib/python2.7/dist-packages/iiwa_msgs/msg/_MoveToJointPositionActionFeedback.py
Symlinking /home/turtlebot3remote/iiwa_stack_ws/devel/lib/python2.7/dist-packages/iiwa_msgs/msg/_JointPosition.py
Symlinking /home/turtlebot3remote/iiwa_stack_ws/devel/lib/python2.7/dist-packages/iiwa_msgs/msg/_CartesianEulerPose.py
Symlinking /home/turtlebot3remote/iiwa_stack_ws/devel/lib/python2.7/dist-packages/iiwa_msgs/msg/_MoveAlongSplineActionResult.py
Symlinking /home/turtlebot3remote/iiwa_stack_ws/devel/lib/python2.7/dist-packages/iiwa_msgs/msg/_MoveToJointPositionGoal.py
Symlinking /home/turtlebot3remote/iiwa_stack_ws/devel/lib/python2.7/dist-packages/iiwa_msgs/msg/_SinePatternControlMode.py
Symlinking /home/turtlebot3remote/iiwa_stack_ws/devel/lib/python2.7/dist-packages/iiwa_msgs/msg/_CartesianPlane.py
Symlinking /home/turtlebot3remote/iiwa_stack_ws/devel/lib/python2.7/dist-packages/iiwa_msgs/msg/_MoveAlongSplineActionGoal.py
Symlinking /home/turtlebot3remote/iiwa_stack_ws/devel/lib/python2.7/dist-packages/iiwa_msgs/msg/_MoveToCartesianPoseActionGoal.py
Symlinking /home/turtlebot3remote/iiwa_stack_ws/devel/lib/python2.7/dist-packages/iiwa_msgs/msg/_CartesianImpedanceControlMode.py
Symlinking /home/turtlebot3remote/iiwa_stack_ws/devel/lib/python2.7/dist-packages/iiwa_msgs/msg/_MoveToJointPositionActionGoal.py
Symlinking /home/turtlebot3remote/iiwa_stack_ws/devel/lib/python2.7/dist-packages/iiwa_msgs/msg/_CartesianVelocity.py
Symlinking /home/turtlebot3remote/iiwa_stack_ws/devel/lib/python2.7/dist-packages/iiwa_msgs/msg/_MoveToJointPositionResult.py
Symlinking /home/turtlebot3remote/iiwa_stack_ws/devel/lib/python2.7/dist-packages/iiwa_msgs/msg/_DesiredForceControlMode.py
Symlinking /home/turtlebot3remote/iiwa_stack_ws/devel/lib/python2.7/dist-packages/iiwa_msgs/msg/_JointStiffness.py
Symlinking /home/turtlebot3remote/iiwa_stack_ws/devel/lib/python2.7/dist-packages/iiwa_msgs/msg/_MoveAlongSplineFeedback.py
Symlinking /home/turtlebot3remote/iiwa_stack_ws/devel/lib/python2.7/dist-packages/iiwa_msgs/msg/_MoveToJointPositionActionResult.py
Symlinking /home/turtlebot3remote/iiwa_stack_ws/devel/lib/python2.7/dist-packages/iiwa_msgs/msg/__init__.py
Symlinking /home/turtlebot3remote/iiwa_stack_ws/devel/lib/python2.7/dist-packages/iiwa_msgs/msg/_MoveToJointPositionFeedback.py
Symlinking /home/turtlebot3remote/iiwa_stack_ws/devel/lib/python2.7/dist-packages/iiwa_msgs/msg/_CartesianQuantity.py
Symlinking /home/turtlebot3remote/iiwa_stack_ws/devel/lib/python2.7/dist-packages/iiwa_msgs/msg/_ControlMode.py
Symlinking /home/turtlebot3remote/iiwa_stack_ws/devel/lib/python2.7/dist-packages/iiwa_msgs/msg/_RedundancyInformation.py
Symlinking /home/turtlebot3remote/iiwa_stack_ws/devel/lib/python2.7/dist-packages/iiwa_msgs/msg/_JointTorque.py
Symlinking /home/turtlebot3remote/iiwa_stack_ws/devel/lib/python2.7/dist-packages/iiwa_msgs/msg/_MoveAlongSplineAction.py
Symlinking /home/turtlebot3remote/iiwa_stack_ws/devel/lib/python2.7/dist-packages/iiwa_msgs/msg/_CartesianControlModeLimits.py
Symlinking /home/turtlebot3remote/iiwa_stack_ws/devel/lib/python2.7/dist-packages/iiwa_msgs/msg/_CartesianPose.py
Symlinking /home/turtlebot3remote/iiwa_stack_ws/devel/lib/python2.7/dist-packages/iiwa_msgs/msg/_MoveAlongSplineActionFeedback.py
Symlinking /home/turtlebot3remote/iiwa_stack_ws/devel/lib/python2.7/dist-packages/iiwa_msgs/msg/_JointPositionVelocity.py
Symlinking /home/turtlebot3remote/iiwa_stack_ws/devel/lib/python2.7/dist-packages/iiwa_msgs/msg/_SplineSegment.py
Symlinking /home/turtlebot3remote/iiwa_stack_ws/devel/lib/python2.7/dist-packages/iiwa_msgs/msg/_MoveToCartesianPoseGoal.py
Symlinking /home/turtlebot3remote/iiwa_stack_ws/devel/lib/python2.7/dist-packages/iiwa_msgs/msg/_MoveToCartesianPoseFeedback.py
Symlinking /home/turtlebot3remote/iiwa_stack_ws/devel/lib/python2.7/dist-packages/iiwa_msgs/msg/_DOF.py
Symlinking /home/turtlebot3remote/iiwa_stack_ws/devel/lib/python2.7/dist-packages/iiwa_msgs/msg/_MoveAlongSplineResult.py
Symlinking /home/turtlebot3remote/iiwa_stack_ws/devel/lib/python2.7/dist-packages/iiwa_msgs/msg/_MoveToJointPositionAction.py
Symlinking /home/turtlebot3remote/iiwa_stack_ws/devel/lib/python2.7/dist-packages/iiwa_msgs/msg/_JointDamping.py
Symlinking /home/turtlebot3remote/iiwa_stack_ws/devel/lib/python2.7/dist-packages/iiwa_msgs/msg/_MoveToCartesianPoseActionFeedback.py
Symlinking /home/turtlebot3remote/iiwa_stack_ws/devel/lib/python2.7/dist-packages/iiwa_msgs/msg/_JointImpedanceControlMode.py
Symlinking /home/turtlebot3remote/iiwa_stack_ws/devel/lib/pkgconfig/iiwa_msgs.pc
Symlinking /home/turtlebot3remote/iiwa_stack_ws/devel/share/gennodejs/ros/iiwa_msgs/_index.js
Symlinking /home/turtlebot3remote/iiwa_stack_ws/devel/share/gennodejs/ros/iiwa_msgs/srv/TimeToDestination.js
Symlinking /home/turtlebot3remote/iiwa_stack_ws/devel/share/gennodejs/ros/iiwa_msgs/srv/SetSmartServoJointSpeedLimits.js
Symlinking /home/turtlebot3remote/iiwa_stack_ws/devel/share/gennodejs/ros/iiwa_msgs/srv/ConfigureControlMode.js
Symlinking /home/turtlebot3remote/iiwa_stack_ws/devel/share/gennodejs/ros/iiwa_msgs/srv/SetSpeedOverride.js
Symlinking /home/turtlebot3remote/iiwa_stack_ws/devel/share/gennodejs/ros/iiwa_msgs/srv/_index.js
Symlinking /home/turtlebot3remote/iiwa_stack_ws/devel/share/gennodejs/ros/iiwa_msgs/srv/SetEndpointFrame.js
Symlinking /home/turtlebot3remote/iiwa_stack_ws/devel/share/gennodejs/ros/iiwa_msgs/srv/SetSmartServoLinSpeedLimits.js
Symlinking /home/turtlebot3remote/iiwa_stack_ws/devel/share/gennodejs/ros/iiwa_msgs/srv/SetPTPJointSpeedLimits.js
Symlinking /home/turtlebot3remote/iiwa_stack_ws/devel/share/gennodejs/ros/iiwa_msgs/srv/SetWorkpiece.js
Symlinking /home/turtlebot3remote/iiwa_stack_ws/devel/share/gennodejs/ros/iiwa_msgs/srv/SetPTPCartesianSpeedLimits.js
Symlinking /home/turtlebot3remote/iiwa_stack_ws/devel/share/gennodejs/ros/iiwa_msgs/msg/JointVelocity.js
Symlinking /home/turtlebot3remote/iiwa_stack_ws/devel/share/gennodejs/ros/iiwa_msgs/msg/CartesianImpedanceControlMode.js
Symlinking /home/turtlebot3remote/iiwa_stack_ws/devel/share/gennodejs/ros/iiwa_msgs/msg/JointQuantity.js
Symlinking /home/turtlebot3remote/iiwa_stack_ws/devel/share/gennodejs/ros/iiwa_msgs/msg/MoveAlongSplineActionGoal.js
Symlinking /home/turtlebot3remote/iiwa_stack_ws/devel/share/gennodejs/ros/iiwa_msgs/msg/ControlMode.js
Symlinking /home/turtlebot3remote/iiwa_stack_ws/devel/share/gennodejs/ros/iiwa_msgs/msg/_index.js
Symlinking /home/turtlebot3remote/iiwa_stack_ws/devel/share/gennodejs/ros/iiwa_msgs/msg/MoveToJointPositionAction.js
Symlinking /home/turtlebot3remote/iiwa_stack_ws/devel/share/gennodejs/ros/iiwa_msgs/msg/MoveToCartesianPoseActionFeedback.js
Symlinking /home/turtlebot3remote/iiwa_stack_ws/devel/share/gennodejs/ros/iiwa_msgs/msg/CartesianEulerPose.js
Symlinking /home/turtlebot3remote/iiwa_stack_ws/devel/share/gennodejs/ros/iiwa_msgs/msg/CartesianPlane.js
Symlinking /home/turtlebot3remote/iiwa_stack_ws/devel/share/gennodejs/ros/iiwa_msgs/msg/MoveToJointPositionActionResult.js
Symlinking /home/turtlebot3remote/iiwa_stack_ws/devel/share/gennodejs/ros/iiwa_msgs/msg/MoveAlongSplineGoal.js
Symlinking /home/turtlebot3remote/iiwa_stack_ws/devel/share/gennodejs/ros/iiwa_msgs/msg/MoveToJointPositionResult.js
Symlinking /home/turtlebot3remote/iiwa_stack_ws/devel/share/gennodejs/ros/iiwa_msgs/msg/DOF.js
Symlinking /home/turtlebot3remote/iiwa_stack_ws/devel/share/gennodejs/ros/iiwa_msgs/msg/MoveToCartesianPoseGoal.js
Symlinking /home/turtlebot3remote/iiwa_stack_ws/devel/share/gennodejs/ros/iiwa_msgs/msg/MoveToCartesianPoseActionResult.js
Symlinking /home/turtlebot3remote/iiwa_stack_ws/devel/share/gennodejs/ros/iiwa_msgs/msg/CartesianPose.js
Symlinking /home/turtlebot3remote/iiwa_stack_ws/devel/share/gennodejs/ros/iiwa_msgs/msg/JointImpedanceControlMode.js
Symlinking /home/turtlebot3remote/iiwa_stack_ws/devel/share/gennodejs/ros/iiwa_msgs/msg/MoveToCartesianPoseFeedback.js
Symlinking /home/turtlebot3remote/iiwa_stack_ws/devel/share/gennodejs/ros/iiwa_msgs/msg/MoveToCartesianPoseAction.js
Symlinking /home/turtlebot3remote/iiwa_stack_ws/devel/share/gennodejs/ros/iiwa_msgs/msg/Spline.js
Symlinking /home/turtlebot3remote/iiwa_stack_ws/devel/share/gennodejs/ros/iiwa_msgs/msg/MoveAlongSplineActionFeedback.js
Symlinking /home/turtlebot3remote/iiwa_stack_ws/devel/share/gennodejs/ros/iiwa_msgs/msg/CartesianVelocity.js
Symlinking /home/turtlebot3remote/iiwa_stack_ws/devel/share/gennodejs/ros/iiwa_msgs/msg/SinePatternControlMode.js
Symlinking /home/turtlebot3remote/iiwa_stack_ws/devel/share/gennodejs/ros/iiwa_msgs/msg/DesiredForceControlMode.js
Symlinking /home/turtlebot3remote/iiwa_stack_ws/devel/share/gennodejs/ros/iiwa_msgs/msg/RedundancyInformation.js
Symlinking /home/turtlebot3remote/iiwa_stack_ws/devel/share/gennodejs/ros/iiwa_msgs/msg/JointStiffness.js
Symlinking /home/turtlebot3remote/iiwa_stack_ws/devel/share/gennodejs/ros/iiwa_msgs/msg/JointDamping.js
Symlinking /home/turtlebot3remote/iiwa_stack_ws/devel/share/gennodejs/ros/iiwa_msgs/msg/CartesianControlModeLimits.js
Symlinking /home/turtlebot3remote/iiwa_stack_ws/devel/share/gennodejs/ros/iiwa_msgs/msg/CartesianWrench.js
Symlinking /home/turtlebot3remote/iiwa_stack_ws/devel/share/gennodejs/ros/iiwa_msgs/msg/JointPositionVelocity.js
Symlinking /home/turtlebot3remote/iiwa_stack_ws/devel/share/gennodejs/ros/iiwa_msgs/msg/MoveToCartesianPoseActionGoal.js
Symlinking /home/turtlebot3remote/iiwa_stack_ws/devel/share/gennodejs/ros/iiwa_msgs/msg/JointPosition.js
Symlinking /home/turtlebot3remote/iiwa_stack_ws/devel/share/gennodejs/ros/iiwa_msgs/msg/MoveAlongSplineResult.js
Symlinking /home/turtlebot3remote/iiwa_stack_ws/devel/share/gennodejs/ros/iiwa_msgs/msg/MoveAlongSplineActionResult.js
Symlinking /home/turtlebot3remote/iiwa_stack_ws/devel/share/gennodejs/ros/iiwa_msgs/msg/JointTorque.js
Symlinking /home/turtlebot3remote/iiwa_stack_ws/devel/share/gennodejs/ros/iiwa_msgs/msg/MoveToJointPositionActionGoal.js
Symlinking /home/turtlebot3remote/iiwa_stack_ws/devel/share/gennodejs/ros/iiwa_msgs/msg/MoveToJointPositionActionFeedback.js
Symlinking /home/turtlebot3remote/iiwa_stack_ws/devel/share/gennodejs/ros/iiwa_msgs/msg/MoveToJointPositionFeedback.js
Symlinking /home/turtlebot3remote/iiwa_stack_ws/devel/share/gennodejs/ros/iiwa_msgs/msg/MoveAlongSplineFeedback.js
Symlinking /home/turtlebot3remote/iiwa_stack_ws/devel/share/gennodejs/ros/iiwa_msgs/msg/MoveToCartesianPoseResult.js
Symlinking /home/turtlebot3remote/iiwa_stack_ws/devel/share/gennodejs/ros/iiwa_msgs/msg/MoveToJointPositionGoal.js
Symlinking /home/turtlebot3remote/iiwa_stack_ws/devel/share/gennodejs/ros/iiwa_msgs/msg/MoveAlongSplineAction.js
Symlinking /home/turtlebot3remote/iiwa_stack_ws/devel/share/gennodejs/ros/iiwa_msgs/msg/SplineSegment.js
Symlinking /home/turtlebot3remote/iiwa_stack_ws/devel/share/gennodejs/ros/iiwa_msgs/msg/CartesianQuantity.js
Symlinking /home/turtlebot3remote/iiwa_stack_ws/devel/share/roseus/ros/iiwa_msgs/manifest.l
Symlinking /home/turtlebot3remote/iiwa_stack_ws/devel/share/roseus/ros/iiwa_msgs/srv/ConfigureControlMode.l
Symlinking /home/turtlebot3remote/iiwa_stack_ws/devel/share/roseus/ros/iiwa_msgs/srv/TimeToDestination.l
Symlinking /home/turtlebot3remote/iiwa_stack_ws/devel/share/roseus/ros/iiwa_msgs/srv/SetSpeedOverride.l
Symlinking /home/turtlebot3remote/iiwa_stack_ws/devel/share/roseus/ros/iiwa_msgs/srv/SetSmartServoJointSpeedLimits.l
Symlinking /home/turtlebot3remote/iiwa_stack_ws/devel/share/roseus/ros/iiwa_msgs/srv/SetPTPCartesianSpeedLimits.l
Symlinking /home/turtlebot3remote/iiwa_stack_ws/devel/share/roseus/ros/iiwa_msgs/srv/SetEndpointFrame.l
Symlinking /home/turtlebot3remote/iiwa_stack_ws/devel/share/roseus/ros/iiwa_msgs/srv/SetPTPJointSpeedLimits.l
Symlinking /home/turtlebot3remote/iiwa_stack_ws/devel/share/roseus/ros/iiwa_msgs/srv/SetWorkpiece.l
Symlinking /home/turtlebot3remote/iiwa_stack_ws/devel/share/roseus/ros/iiwa_msgs/srv/SetSmartServoLinSpeedLimits.l
Symlinking /home/turtlebot3remote/iiwa_stack_ws/devel/share/roseus/ros/iiwa_msgs/msg/CartesianQuantity.l
Symlinking /home/turtlebot3remote/iiwa_stack_ws/devel/share/roseus/ros/iiwa_msgs/msg/DOF.l
Symlinking /home/turtlebot3remote/iiwa_stack_ws/devel/share/roseus/ros/iiwa_msgs/msg/JointTorque.l
Symlinking /home/turtlebot3remote/iiwa_stack_ws/devel/share/roseus/ros/iiwa_msgs/msg/CartesianVelocity.l
Symlinking /home/turtlebot3remote/iiwa_stack_ws/devel/share/roseus/ros/iiwa_msgs/msg/CartesianImpedanceControlMode.l
Symlinking /home/turtlebot3remote/iiwa_stack_ws/devel/share/roseus/ros/iiwa_msgs/msg/JointImpedanceControlMode.l
Symlinking /home/turtlebot3remote/iiwa_stack_ws/devel/share/roseus/ros/iiwa_msgs/msg/MoveAlongSplineFeedback.l
Symlinking /home/turtlebot3remote/iiwa_stack_ws/devel/share/roseus/ros/iiwa_msgs/msg/CartesianPlane.l
Symlinking /home/turtlebot3remote/iiwa_stack_ws/devel/share/roseus/ros/iiwa_msgs/msg/MoveToCartesianPoseResult.l
Symlinking /home/turtlebot3remote/iiwa_stack_ws/devel/share/roseus/ros/iiwa_msgs/msg/MoveToCartesianPoseAction.l
Symlinking /home/turtlebot3remote/iiwa_stack_ws/devel/share/roseus/ros/iiwa_msgs/msg/MoveAlongSplineActionResult.l
Symlinking /home/turtlebot3remote/iiwa_stack_ws/devel/share/roseus/ros/iiwa_msgs/msg/MoveToCartesianPoseActionFeedback.l
Symlinking /home/turtlebot3remote/iiwa_stack_ws/devel/share/roseus/ros/iiwa_msgs/msg/MoveAlongSplineAction.l
Symlinking /home/turtlebot3remote/iiwa_stack_ws/devel/share/roseus/ros/iiwa_msgs/msg/RedundancyInformation.l
Symlinking /home/turtlebot3remote/iiwa_stack_ws/devel/share/roseus/ros/iiwa_msgs/msg/SinePatternControlMode.l
Symlinking /home/turtlebot3remote/iiwa_stack_ws/devel/share/roseus/ros/iiwa_msgs/msg/MoveToCartesianPoseActionGoal.l
Symlinking /home/turtlebot3remote/iiwa_stack_ws/devel/share/roseus/ros/iiwa_msgs/msg/MoveToJointPositionAction.l
Symlinking /home/turtlebot3remote/iiwa_stack_ws/devel/share/roseus/ros/iiwa_msgs/msg/MoveToCartesianPoseGoal.l
Symlinking /home/turtlebot3remote/iiwa_stack_ws/devel/share/roseus/ros/iiwa_msgs/msg/MoveToJointPositionGoal.l
Symlinking /home/turtlebot3remote/iiwa_stack_ws/devel/share/roseus/ros/iiwa_msgs/msg/CartesianPose.l
Symlinking /home/turtlebot3remote/iiwa_stack_ws/devel/share/roseus/ros/iiwa_msgs/msg/MoveAlongSplineActionFeedback.l
Symlinking /home/turtlebot3remote/iiwa_stack_ws/devel/share/roseus/ros/iiwa_msgs/msg/CartesianWrench.l
Symlinking /home/turtlebot3remote/iiwa_stack_ws/devel/share/roseus/ros/iiwa_msgs/msg/MoveToJointPositionFeedback.l
Symlinking /home/turtlebot3remote/iiwa_stack_ws/devel/share/roseus/ros/iiwa_msgs/msg/MoveToCartesianPoseActionResult.l
Symlinking /home/turtlebot3remote/iiwa_stack_ws/devel/share/roseus/ros/iiwa_msgs/msg/MoveToCartesianPoseFeedback.l
Symlinking /home/turtlebot3remote/iiwa_stack_ws/devel/share/roseus/ros/iiwa_msgs/msg/SplineSegment.l
Symlinking /home/turtlebot3remote/iiwa_stack_ws/devel/share/roseus/ros/iiwa_msgs/msg/MoveAlongSplineGoal.l
Symlinking /home/turtlebot3remote/iiwa_stack_ws/devel/share/roseus/ros/iiwa_msgs/msg/MoveToJointPositionActionResult.l
Symlinking /home/turtlebot3remote/iiwa_stack_ws/devel/share/roseus/ros/iiwa_msgs/msg/MoveAlongSplineActionGoal.l
Symlinking /home/turtlebot3remote/iiwa_stack_ws/devel/share/roseus/ros/iiwa_msgs/msg/MoveToJointPositionResult.l
Symlinking /home/turtlebot3remote/iiwa_stack_ws/devel/share/roseus/ros/iiwa_msgs/msg/CartesianControlModeLimits.l
Symlinking /home/turtlebot3remote/iiwa_stack_ws/devel/share/roseus/ros/iiwa_msgs/msg/JointPosition.l
Symlinking /home/turtlebot3remote/iiwa_stack_ws/devel/share/roseus/ros/iiwa_msgs/msg/JointDamping.l
Symlinking /home/turtlebot3remote/iiwa_stack_ws/devel/share/roseus/ros/iiwa_msgs/msg/JointQuantity.l
Symlinking /home/turtlebot3remote/iiwa_stack_ws/devel/share/roseus/ros/iiwa_msgs/msg/ControlMode.l
Symlinking /home/turtlebot3remote/iiwa_stack_ws/devel/share/roseus/ros/iiwa_msgs/msg/MoveToJointPositionActionFeedback.l
Symlinking /home/turtlebot3remote/iiwa_stack_ws/devel/share/roseus/ros/iiwa_msgs/msg/JointPositionVelocity.l
Symlinking /home/turtlebot3remote/iiwa_stack_ws/devel/share/roseus/ros/iiwa_msgs/msg/CartesianEulerPose.l
Symlinking /home/turtlebot3remote/iiwa_stack_ws/devel/share/roseus/ros/iiwa_msgs/msg/MoveToJointPositionActionGoal.l
Symlinking /home/turtlebot3remote/iiwa_stack_ws/devel/share/roseus/ros/iiwa_msgs/msg/Spline.l
Symlinking /home/turtlebot3remote/iiwa_stack_ws/devel/share/roseus/ros/iiwa_msgs/msg/JointVelocity.l
Symlinking /home/turtlebot3remote/iiwa_stack_ws/devel/share/roseus/ros/iiwa_msgs/msg/JointStiffness.l
Symlinking /home/turtlebot3remote/iiwa_stack_ws/devel/share/roseus/ros/iiwa_msgs/msg/DesiredForceControlMode.l
Symlinking /home/turtlebot3remote/iiwa_stack_ws/devel/share/roseus/ros/iiwa_msgs/msg/MoveAlongSplineResult.l
Symlinking /home/turtlebot3remote/iiwa_stack_ws/devel/share/iiwa_msgs/cmake/iiwa_msgs-msg-paths.cmake
Symlinking /home/turtlebot3remote/iiwa_stack_ws/devel/share/iiwa_msgs/cmake/iiwa_msgs-msg-extras.cmake
Symlinking /home/turtlebot3remote/iiwa_stack_ws/devel/share/iiwa_msgs/cmake/iiwa_msgsConfig.cmake
Symlinking /home/turtlebot3remote/iiwa_stack_ws/devel/share/iiwa_msgs/cmake/iiwa_msgsConfig-version.cmake
Symlinking /home/turtlebot3remote/iiwa_stack_ws/devel/share/iiwa_msgs/msg/MoveAlongSplineGoal.msg
Symlinking /home/turtlebot3remote/iiwa_stack_ws/devel/share/iiwa_msgs/msg/MoveToJointPositionGoal.msg
Symlinking /home/turtlebot3remote/iiwa_stack_ws/devel/share/iiwa_msgs/msg/MoveAlongSplineAction.msg
Symlinking /home/turtlebot3remote/iiwa_stack_ws/devel/share/iiwa_msgs/msg/MoveToJointPositionResult.msg
Symlinking /home/turtlebot3remote/iiwa_stack_ws/devel/share/iiwa_msgs/msg/MoveAlongSplineActionGoal.msg
Symlinking /home/turtlebot3remote/iiwa_stack_ws/devel/share/iiwa_msgs/msg/MoveAlongSplineResult.msg
Symlinking /home/turtlebot3remote/iiwa_stack_ws/devel/share/iiwa_msgs/msg/MoveToJointPositionActionGoal.msg
Symlinking /home/turtlebot3remote/iiwa_stack_ws/devel/share/iiwa_msgs/msg/MoveToCartesianPoseActionGoal.msg
Symlinking /home/turtlebot3remote/iiwa_stack_ws/devel/share/iiwa_msgs/msg/MoveToCartesianPoseAction.msg
Symlinking /home/turtlebot3remote/iiwa_stack_ws/devel/share/iiwa_msgs/msg/MoveToJointPositionActionFeedback.msg
Symlinking /home/turtlebot3remote/iiwa_stack_ws/devel/share/iiwa_msgs/msg/MoveToCartesianPoseActionResult.msg
Symlinking /home/turtlebot3remote/iiwa_stack_ws/devel/share/iiwa_msgs/msg/MoveToCartesianPoseFeedback.msg
Symlinking /home/turtlebot3remote/iiwa_stack_ws/devel/share/iiwa_msgs/msg/MoveToJointPositionFeedback.msg
Symlinking /home/turtlebot3remote/iiwa_stack_ws/devel/share/iiwa_msgs/msg/MoveToCartesianPoseGoal.msg
Symlinking /home/turtlebot3remote/iiwa_stack_ws/devel/share/iiwa_msgs/msg/MoveToCartesianPoseActionFeedback.msg
Symlinking /home/turtlebot3remote/iiwa_stack_ws/devel/share/iiwa_msgs/msg/MoveAlongSplineFeedback.msg
Symlinking /home/turtlebot3remote/iiwa_stack_ws/devel/share/iiwa_msgs/msg/MoveAlongSplineActionResult.msg
Symlinking /home/turtlebot3remote/iiwa_stack_ws/devel/share/iiwa_msgs/msg/MoveToJointPositionAction.msg
Symlinking /home/turtlebot3remote/iiwa_stack_ws/devel/share/iiwa_msgs/msg/MoveAlongSplineActionFeedback.msg
Symlinking /home/turtlebot3remote/iiwa_stack_ws/devel/share/iiwa_msgs/msg/MoveToJointPositionActionResult.msg
Symlinking /home/turtlebot3remote/iiwa_stack_ws/devel/share/iiwa_msgs/msg/MoveToCartesianPoseResult.msg
Symlinking /home/turtlebot3remote/iiwa_stack_ws/devel/share/common-lisp/ros/iiwa_msgs/srv/iiwa_msgs-srv.asd
Symlinking /home/turtlebot3remote/iiwa_stack_ws/devel/share/common-lisp/ros/iiwa_msgs/srv/TimeToDestination.lisp
Symlinking /home/turtlebot3remote/iiwa_stack_ws/devel/share/common-lisp/ros/iiwa_msgs/srv/SetEndpointFrame.lisp
Symlinking /home/turtlebot3remote/iiwa_stack_ws/devel/share/common-lisp/ros/iiwa_msgs/srv/ConfigureControlMode.lisp
Symlinking /home/turtlebot3remote/iiwa_stack_ws/devel/share/common-lisp/ros/iiwa_msgs/srv/SetWorkpiece.lisp
Symlinking /home/turtlebot3remote/iiwa_stack_ws/devel/share/common-lisp/ros/iiwa_msgs/srv/_package_SetSmartServoJointSpeedLimits.lisp
Symlinking /home/turtlebot3remote/iiwa_stack_ws/devel/share/common-lisp/ros/iiwa_msgs/srv/_package_TimeToDestination.lisp
Symlinking /home/turtlebot3remote/iiwa_stack_ws/devel/share/common-lisp/ros/iiwa_msgs/srv/SetPTPCartesianSpeedLimits.lisp
Symlinking /home/turtlebot3remote/iiwa_stack_ws/devel/share/common-lisp/ros/iiwa_msgs/srv/SetPTPJointSpeedLimits.lisp
Symlinking /home/turtlebot3remote/iiwa_stack_ws/devel/share/common-lisp/ros/iiwa_msgs/srv/_package_ConfigureControlMode.lisp
Symlinking /home/turtlebot3remote/iiwa_stack_ws/devel/share/common-lisp/ros/iiwa_msgs/srv/_package_SetEndpointFrame.lisp
Symlinking /home/turtlebot3remote/iiwa_stack_ws/devel/share/common-lisp/ros/iiwa_msgs/srv/SetSmartServoLinSpeedLimits.lisp
Symlinking /home/turtlebot3remote/iiwa_stack_ws/devel/share/common-lisp/ros/iiwa_msgs/srv/_package_SetWorkpiece.lisp
Symlinking /home/turtlebot3remote/iiwa_stack_ws/devel/share/common-lisp/ros/iiwa_msgs/srv/SetSpeedOverride.lisp
Symlinking /home/turtlebot3remote/iiwa_stack_ws/devel/share/common-lisp/ros/iiwa_msgs/srv/_package_SetPTPJointSpeedLimits.lisp
Symlinking /home/turtlebot3remote/iiwa_stack_ws/devel/share/common-lisp/ros/iiwa_msgs/srv/_package.lisp
Symlinking /home/turtlebot3remote/iiwa_stack_ws/devel/share/common-lisp/ros/iiwa_msgs/srv/_package_SetSpeedOverride.lisp
Symlinking /home/turtlebot3remote/iiwa_stack_ws/devel/share/common-lisp/ros/iiwa_msgs/srv/_package_SetPTPCartesianSpeedLimits.lisp
Symlinking /home/turtlebot3remote/iiwa_stack_ws/devel/share/common-lisp/ros/iiwa_msgs/srv/_package_SetSmartServoLinSpeedLimits.lisp
Symlinking /home/turtlebot3remote/iiwa_stack_ws/devel/share/common-lisp/ros/iiwa_msgs/srv/SetSmartServoJointSpeedLimits.lisp
Symlinking /home/turtlebot3remote/iiwa_stack_ws/devel/share/common-lisp/ros/iiwa_msgs/msg/MoveToCartesianPoseActionResult.lisp
Symlinking /home/turtlebot3remote/iiwa_stack_ws/devel/share/common-lisp/ros/iiwa_msgs/msg/MoveAlongSplineFeedback.lisp
Symlinking /home/turtlebot3remote/iiwa_stack_ws/devel/share/common-lisp/ros/iiwa_msgs/msg/CartesianWrench.lisp
Symlinking /home/turtlebot3remote/iiwa_stack_ws/devel/share/common-lisp/ros/iiwa_msgs/msg/_package_MoveToJointPositionActionFeedback.lisp
Symlinking /home/turtlebot3remote/iiwa_stack_ws/devel/share/common-lisp/ros/iiwa_msgs/msg/_package_MoveAlongSplineAction.lisp
Symlinking /home/turtlebot3remote/iiwa_stack_ws/devel/share/common-lisp/ros/iiwa_msgs/msg/_package_JointTorque.lisp
Symlinking /home/turtlebot3remote/iiwa_stack_ws/devel/share/common-lisp/ros/iiwa_msgs/msg/_package_SplineSegment.lisp
Symlinking /home/turtlebot3remote/iiwa_stack_ws/devel/share/common-lisp/ros/iiwa_msgs/msg/JointPosition.lisp
Symlinking /home/turtlebot3remote/iiwa_stack_ws/devel/share/common-lisp/ros/iiwa_msgs/msg/MoveToJointPositionFeedback.lisp
Symlinking /home/turtlebot3remote/iiwa_stack_ws/devel/share/common-lisp/ros/iiwa_msgs/msg/CartesianPlane.lisp
Symlinking /home/turtlebot3remote/iiwa_stack_ws/devel/share/common-lisp/ros/iiwa_msgs/msg/DOF.lisp
Symlinking /home/turtlebot3remote/iiwa_stack_ws/devel/share/common-lisp/ros/iiwa_msgs/msg/_package_MoveToCartesianPoseFeedback.lisp
Symlinking /home/turtlebot3remote/iiwa_stack_ws/devel/share/common-lisp/ros/iiwa_msgs/msg/SinePatternControlMode.lisp
Symlinking /home/turtlebot3remote/iiwa_stack_ws/devel/share/common-lisp/ros/iiwa_msgs/msg/_package_RedundancyInformation.lisp
Symlinking /home/turtlebot3remote/iiwa_stack_ws/devel/share/common-lisp/ros/iiwa_msgs/msg/MoveAlongSplineActionResult.lisp
Symlinking /home/turtlebot3remote/iiwa_stack_ws/devel/share/common-lisp/ros/iiwa_msgs/msg/JointDamping.lisp
Symlinking /home/turtlebot3remote/iiwa_stack_ws/devel/share/common-lisp/ros/iiwa_msgs/msg/_package_MoveToJointPositionGoal.lisp
Symlinking /home/turtlebot3remote/iiwa_stack_ws/devel/share/common-lisp/ros/iiwa_msgs/msg/_package_CartesianWrench.lisp
Symlinking /home/turtlebot3remote/iiwa_stack_ws/devel/share/common-lisp/ros/iiwa_msgs/msg/_package_Spline.lisp
Symlinking /home/turtlebot3remote/iiwa_stack_ws/devel/share/common-lisp/ros/iiwa_msgs/msg/SplineSegment.lisp
Symlinking /home/turtlebot3remote/iiwa_stack_ws/devel/share/common-lisp/ros/iiwa_msgs/msg/_package_JointPositionVelocity.lisp
Symlinking /home/turtlebot3remote/iiwa_stack_ws/devel/share/common-lisp/ros/iiwa_msgs/msg/_package_MoveAlongSplineActionFeedback.lisp
Symlinking /home/turtlebot3remote/iiwa_stack_ws/devel/share/common-lisp/ros/iiwa_msgs/msg/_package_CartesianQuantity.lisp
Symlinking /home/turtlebot3remote/iiwa_stack_ws/devel/share/common-lisp/ros/iiwa_msgs/msg/_package_SinePatternControlMode.lisp
Symlinking /home/turtlebot3remote/iiwa_stack_ws/devel/share/common-lisp/ros/iiwa_msgs/msg/CartesianPose.lisp
Symlinking /home/turtlebot3remote/iiwa_stack_ws/devel/share/common-lisp/ros/iiwa_msgs/msg/MoveToCartesianPoseAction.lisp
Symlinking /home/turtlebot3remote/iiwa_stack_ws/devel/share/common-lisp/ros/iiwa_msgs/msg/_package_MoveToJointPositionResult.lisp
Symlinking /home/turtlebot3remote/iiwa_stack_ws/devel/share/common-lisp/ros/iiwa_msgs/msg/_package_JointQuantity.lisp
Symlinking /home/turtlebot3remote/iiwa_stack_ws/devel/share/common-lisp/ros/iiwa_msgs/msg/JointImpedanceControlMode.lisp
Symlinking /home/turtlebot3remote/iiwa_stack_ws/devel/share/common-lisp/ros/iiwa_msgs/msg/MoveToJointPositionActionResult.lisp
Symlinking /home/turtlebot3remote/iiwa_stack_ws/devel/share/common-lisp/ros/iiwa_msgs/msg/JointQuantity.lisp
Symlinking /home/turtlebot3remote/iiwa_stack_ws/devel/share/common-lisp/ros/iiwa_msgs/msg/ControlMode.lisp
Symlinking /home/turtlebot3remote/iiwa_stack_ws/devel/share/common-lisp/ros/iiwa_msgs/msg/_package_DOF.lisp
Symlinking /home/turtlebot3remote/iiwa_stack_ws/devel/share/common-lisp/ros/iiwa_msgs/msg/MoveToJointPositionResult.lisp
Symlinking /home/turtlebot3remote/iiwa_stack_ws/devel/share/common-lisp/ros/iiwa_msgs/msg/_package_JointVelocity.lisp
Symlinking /home/turtlebot3remote/iiwa_stack_ws/devel/share/common-lisp/ros/iiwa_msgs/msg/JointStiffness.lisp
Symlinking /home/turtlebot3remote/iiwa_stack_ws/devel/share/common-lisp/ros/iiwa_msgs/msg/MoveToCartesianPoseFeedback.lisp
Symlinking /home/turtlebot3remote/iiwa_stack_ws/devel/share/common-lisp/ros/iiwa_msgs/msg/MoveToCartesianPoseActionGoal.lisp
Symlinking /home/turtlebot3remote/iiwa_stack_ws/devel/share/common-lisp/ros/iiwa_msgs/msg/MoveAlongSplineActionFeedback.lisp
Symlinking /home/turtlebot3remote/iiwa_stack_ws/devel/share/common-lisp/ros/iiwa_msgs/msg/_package_MoveToCartesianPoseActionGoal.lisp
Symlinking /home/turtlebot3remote/iiwa_stack_ws/devel/share/common-lisp/ros/iiwa_msgs/msg/MoveToJointPositionAction.lisp
Symlinking /home/turtlebot3remote/iiwa_stack_ws/devel/share/common-lisp/ros/iiwa_msgs/msg/_package_MoveToCartesianPoseResult.lisp
Symlinking /home/turtlebot3remote/iiwa_stack_ws/devel/share/common-lisp/ros/iiwa_msgs/msg/_package_CartesianControlModeLimits.lisp
Symlinking /home/turtlebot3remote/iiwa_stack_ws/devel/share/common-lisp/ros/iiwa_msgs/msg/MoveAlongSplineResult.lisp
Symlinking /home/turtlebot3remote/iiwa_stack_ws/devel/share/common-lisp/ros/iiwa_msgs/msg/_package_DesiredForceControlMode.lisp
Symlinking /home/turtlebot3remote/iiwa_stack_ws/devel/share/common-lisp/ros/iiwa_msgs/msg/_package_MoveToJointPositionActionResult.lisp
Symlinking /home/turtlebot3remote/iiwa_stack_ws/devel/share/common-lisp/ros/iiwa_msgs/msg/_package_CartesianEulerPose.lisp
Symlinking /home/turtlebot3remote/iiwa_stack_ws/devel/share/common-lisp/ros/iiwa_msgs/msg/JointTorque.lisp
Symlinking /home/turtlebot3remote/iiwa_stack_ws/devel/share/common-lisp/ros/iiwa_msgs/msg/iiwa_msgs-msg.asd
Symlinking /home/turtlebot3remote/iiwa_stack_ws/devel/share/common-lisp/ros/iiwa_msgs/msg/_package_JointDamping.lisp
Symlinking /home/turtlebot3remote/iiwa_stack_ws/devel/share/common-lisp/ros/iiwa_msgs/msg/_package_MoveToJointPositionActionGoal.lisp
Symlinking /home/turtlebot3remote/iiwa_stack_ws/devel/share/common-lisp/ros/iiwa_msgs/msg/RedundancyInformation.lisp
Symlinking /home/turtlebot3remote/iiwa_stack_ws/devel/share/common-lisp/ros/iiwa_msgs/msg/_package_MoveToJointPositionAction.lisp
Symlinking /home/turtlebot3remote/iiwa_stack_ws/devel/share/common-lisp/ros/iiwa_msgs/msg/_package_MoveToCartesianPoseActionResult.lisp
Symlinking /home/turtlebot3remote/iiwa_stack_ws/devel/share/common-lisp/ros/iiwa_msgs/msg/CartesianEulerPose.lisp
Symlinking /home/turtlebot3remote/iiwa_stack_ws/devel/share/common-lisp/ros/iiwa_msgs/msg/MoveAlongSplineActionGoal.lisp
Symlinking /home/turtlebot3remote/iiwa_stack_ws/devel/share/common-lisp/ros/iiwa_msgs/msg/_package_JointImpedanceControlMode.lisp
Symlinking /home/turtlebot3remote/iiwa_stack_ws/devel/share/common-lisp/ros/iiwa_msgs/msg/CartesianControlModeLimits.lisp
Symlinking /home/turtlebot3remote/iiwa_stack_ws/devel/share/common-lisp/ros/iiwa_msgs/msg/MoveToJointPositionActionGoal.lisp
Symlinking /home/turtlebot3remote/iiwa_stack_ws/devel/share/common-lisp/ros/iiwa_msgs/msg/CartesianVelocity.lisp
Symlinking /home/turtlebot3remote/iiwa_stack_ws/devel/share/common-lisp/ros/iiwa_msgs/msg/_package_MoveToCartesianPoseAction.lisp
Symlinking /home/turtlebot3remote/iiwa_stack_ws/devel/share/common-lisp/ros/iiwa_msgs/msg/MoveToJointPositionGoal.lisp
Symlinking /home/turtlebot3remote/iiwa_stack_ws/devel/share/common-lisp/ros/iiwa_msgs/msg/_package_CartesianPose.lisp
Symlinking /home/turtlebot3remote/iiwa_stack_ws/devel/share/common-lisp/ros/iiwa_msgs/msg/_package_CartesianImpedanceControlMode.lisp
Symlinking /home/turtlebot3remote/iiwa_stack_ws/devel/share/common-lisp/ros/iiwa_msgs/msg/MoveToCartesianPoseGoal.lisp
Symlinking /home/turtlebot3remote/iiwa_stack_ws/devel/share/common-lisp/ros/iiwa_msgs/msg/MoveToCartesianPoseActionFeedback.lisp
Symlinking /home/turtlebot3remote/iiwa_stack_ws/devel/share/common-lisp/ros/iiwa_msgs/msg/_package_CartesianVelocity.lisp
Symlinking /home/turtlebot3remote/iiwa_stack_ws/devel/share/common-lisp/ros/iiwa_msgs/msg/_package_ControlMode.lisp
Symlinking /home/turtlebot3remote/iiwa_stack_ws/devel/share/common-lisp/ros/iiwa_msgs/msg/DesiredForceControlMode.lisp
Symlinking /home/turtlebot3remote/iiwa_stack_ws/devel/share/common-lisp/ros/iiwa_msgs/msg/_package_MoveToCartesianPoseActionFeedback.lisp
Symlinking /home/turtlebot3remote/iiwa_stack_ws/devel/share/common-lisp/ros/iiwa_msgs/msg/MoveAlongSplineGoal.lisp
Symlinking /home/turtlebot3remote/iiwa_stack_ws/devel/share/common-lisp/ros/iiwa_msgs/msg/_package_CartesianPlane.lisp
Symlinking /home/turtlebot3remote/iiwa_stack_ws/devel/share/common-lisp/ros/iiwa_msgs/msg/JointPositionVelocity.lisp
Symlinking /home/turtlebot3remote/iiwa_stack_ws/devel/share/common-lisp/ros/iiwa_msgs/msg/_package_MoveAlongSplineFeedback.lisp
Symlinking /home/turtlebot3remote/iiwa_stack_ws/devel/share/common-lisp/ros/iiwa_msgs/msg/MoveToJointPositionActionFeedback.lisp
Symlinking /home/turtlebot3remote/iiwa_stack_ws/devel/share/common-lisp/ros/iiwa_msgs/msg/CartesianImpedanceControlMode.lisp
Symlinking /home/turtlebot3remote/iiwa_stack_ws/devel/share/common-lisp/ros/iiwa_msgs/msg/_package_MoveAlongSplineActionGoal.lisp
Symlinking /home/turtlebot3remote/iiwa_stack_ws/devel/share/common-lisp/ros/iiwa_msgs/msg/_package_JointPosition.lisp
Symlinking /home/turtlebot3remote/iiwa_stack_ws/devel/share/common-lisp/ros/iiwa_msgs/msg/JointVelocity.lisp
Symlinking /home/turtlebot3remote/iiwa_stack_ws/devel/share/common-lisp/ros/iiwa_msgs/msg/Spline.lisp
Symlinking /home/turtlebot3remote/iiwa_stack_ws/devel/share/common-lisp/ros/iiwa_msgs/msg/_package_MoveAlongSplineGoal.lisp
Symlinking /home/turtlebot3remote/iiwa_stack_ws/devel/share/common-lisp/ros/iiwa_msgs/msg/MoveToCartesianPoseResult.lisp
Symlinking /home/turtlebot3remote/iiwa_stack_ws/devel/share/common-lisp/ros/iiwa_msgs/msg/_package.lisp
Symlinking /home/turtlebot3remote/iiwa_stack_ws/devel/share/common-lisp/ros/iiwa_msgs/msg/CartesianQuantity.lisp
Symlinking /home/turtlebot3remote/iiwa_stack_ws/devel/share/common-lisp/ros/iiwa_msgs/msg/_package_MoveToJointPositionFeedback.lisp
Symlinking /home/turtlebot3remote/iiwa_stack_ws/devel/share/common-lisp/ros/iiwa_msgs/msg/MoveAlongSplineAction.lisp
Symlinking /home/turtlebot3remote/iiwa_stack_ws/devel/share/common-lisp/ros/iiwa_msgs/msg/_package_MoveAlongSplineActionResult.lisp
Symlinking /home/turtlebot3remote/iiwa_stack_ws/devel/share/common-lisp/ros/iiwa_msgs/msg/_package_JointStiffness.lisp
Symlinking /home/turtlebot3remote/iiwa_stack_ws/devel/share/common-lisp/ros/iiwa_msgs/msg/_package_MoveToCartesianPoseGoal.lisp
Symlinking /home/turtlebot3remote/iiwa_stack_ws/devel/share/common-lisp/ros/iiwa_msgs/msg/_package_MoveAlongSplineResult.lisp
Symlinking /home/turtlebot3remote/iiwa_stack_ws/devel/include/iiwa_msgs/JointQuantity.h
Symlinking /home/turtlebot3remote/iiwa_stack_ws/devel/include/iiwa_msgs/CartesianVelocity.h
Symlinking /home/turtlebot3remote/iiwa_stack_ws/devel/include/iiwa_msgs/ControlMode.h
Symlinking /home/turtlebot3remote/iiwa_stack_ws/devel/include/iiwa_msgs/CartesianPlane.h
Symlinking /home/turtlebot3remote/iiwa_stack_ws/devel/include/iiwa_msgs/SetPTPJointSpeedLimitsResponse.h
Symlinking /home/turtlebot3remote/iiwa_stack_ws/devel/include/iiwa_msgs/SetWorkpieceResponse.h
Symlinking /home/turtlebot3remote/iiwa_stack_ws/devel/include/iiwa_msgs/SetWorkpieceRequest.h
Symlinking /home/turtlebot3remote/iiwa_stack_ws/devel/include/iiwa_msgs/JointDamping.h
Symlinking /home/turtlebot3remote/iiwa_stack_ws/devel/include/iiwa_msgs/MoveAlongSplineAction.h
Symlinking /home/turtlebot3remote/iiwa_stack_ws/devel/include/iiwa_msgs/MoveToJointPositionFeedback.h
Symlinking /home/turtlebot3remote/iiwa_stack_ws/devel/include/iiwa_msgs/MoveToJointPositionActionFeedback.h
Symlinking /home/turtlebot3remote/iiwa_stack_ws/devel/include/iiwa_msgs/MoveAlongSplineActionFeedback.h
Symlinking /home/turtlebot3remote/iiwa_stack_ws/devel/include/iiwa_msgs/MoveToCartesianPoseFeedback.h
Symlinking /home/turtlebot3remote/iiwa_stack_ws/devel/include/iiwa_msgs/SetEndpointFrame.h
Symlinking /home/turtlebot3remote/iiwa_stack_ws/devel/include/iiwa_msgs/CartesianQuantity.h
Symlinking /home/turtlebot3remote/iiwa_stack_ws/devel/include/iiwa_msgs/SetPTPJointSpeedLimits.h
Symlinking /home/turtlebot3remote/iiwa_stack_ws/devel/include/iiwa_msgs/MoveAlongSplineActionGoal.h
Symlinking /home/turtlebot3remote/iiwa_stack_ws/devel/include/iiwa_msgs/SetPTPCartesianSpeedLimitsRequest.h
Symlinking /home/turtlebot3remote/iiwa_stack_ws/devel/include/iiwa_msgs/CartesianControlModeLimits.h
Symlinking /home/turtlebot3remote/iiwa_stack_ws/devel/include/iiwa_msgs/SetSmartServoJointSpeedLimitsResponse.h
Symlinking /home/turtlebot3remote/iiwa_stack_ws/devel/include/iiwa_msgs/MoveToJointPositionAction.h
Symlinking /home/turtlebot3remote/iiwa_stack_ws/devel/include/iiwa_msgs/ConfigureControlModeResponse.h
Symlinking /home/turtlebot3remote/iiwa_stack_ws/devel/include/iiwa_msgs/MoveAlongSplineFeedback.h
Symlinking /home/turtlebot3remote/iiwa_stack_ws/devel/include/iiwa_msgs/MoveToCartesianPoseActionGoal.h
Symlinking /home/turtlebot3remote/iiwa_stack_ws/devel/include/iiwa_msgs/SetSmartServoLinSpeedLimitsRequest.h
Symlinking /home/turtlebot3remote/iiwa_stack_ws/devel/include/iiwa_msgs/MoveToJointPositionGoal.h
Symlinking /home/turtlebot3remote/iiwa_stack_ws/devel/include/iiwa_msgs/MoveAlongSplineResult.h
Symlinking /home/turtlebot3remote/iiwa_stack_ws/devel/include/iiwa_msgs/Spline.h
Symlinking /home/turtlebot3remote/iiwa_stack_ws/devel/include/iiwa_msgs/SetSpeedOverrideRequest.h
Symlinking /home/turtlebot3remote/iiwa_stack_ws/devel/include/iiwa_msgs/TimeToDestinationRequest.h
Symlinking /home/turtlebot3remote/iiwa_stack_ws/devel/include/iiwa_msgs/JointTorque.h
Symlinking /home/turtlebot3remote/iiwa_stack_ws/devel/include/iiwa_msgs/ConfigureControlModeRequest.h
Symlinking /home/turtlebot3remote/iiwa_stack_ws/devel/include/iiwa_msgs/SetPTPCartesianSpeedLimitsResponse.h
Symlinking /home/turtlebot3remote/iiwa_stack_ws/devel/include/iiwa_msgs/TimeToDestination.h
Symlinking /home/turtlebot3remote/iiwa_stack_ws/devel/include/iiwa_msgs/DOF.h
Symlinking /home/turtlebot3remote/iiwa_stack_ws/devel/include/iiwa_msgs/MoveToJointPositionActionResult.h
Symlinking /home/turtlebot3remote/iiwa_stack_ws/devel/include/iiwa_msgs/JointStiffness.h
Symlinking /home/turtlebot3remote/iiwa_stack_ws/devel/include/iiwa_msgs/MoveToJointPositionActionGoal.h
Symlinking /home/turtlebot3remote/iiwa_stack_ws/devel/include/iiwa_msgs/ConfigureControlMode.h
Symlinking /home/turtlebot3remote/iiwa_stack_ws/devel/include/iiwa_msgs/JointPositionVelocity.h
Symlinking /home/turtlebot3remote/iiwa_stack_ws/devel/include/iiwa_msgs/TimeToDestinationResponse.h
Symlinking /home/turtlebot3remote/iiwa_stack_ws/devel/include/iiwa_msgs/MoveAlongSplineActionResult.h
Symlinking /home/turtlebot3remote/iiwa_stack_ws/devel/include/iiwa_msgs/SetSpeedOverrideResponse.h
Symlinking /home/turtlebot3remote/iiwa_stack_ws/devel/include/iiwa_msgs/CartesianWrench.h
Symlinking /home/turtlebot3remote/iiwa_stack_ws/devel/include/iiwa_msgs/DesiredForceControlMode.h
Symlinking /home/turtlebot3remote/iiwa_stack_ws/devel/include/iiwa_msgs/JointImpedanceControlMode.h
Symlinking /home/turtlebot3remote/iiwa_stack_ws/devel/include/iiwa_msgs/SetEndpointFrameRequest.h
Symlinking /home/turtlebot3remote/iiwa_stack_ws/devel/include/iiwa_msgs/SetSpeedOverride.h
Symlinking /home/turtlebot3remote/iiwa_stack_ws/devel/include/iiwa_msgs/MoveToCartesianPoseGoal.h
Symlinking /home/turtlebot3remote/iiwa_stack_ws/devel/include/iiwa_msgs/CartesianEulerPose.h
Symlinking /home/turtlebot3remote/iiwa_stack_ws/devel/include/iiwa_msgs/SetEndpointFrameResponse.h
Symlinking /home/turtlebot3remote/iiwa_stack_ws/devel/include/iiwa_msgs/MoveToCartesianPoseResult.h
Symlinking /home/turtlebot3remote/iiwa_stack_ws/devel/include/iiwa_msgs/MoveAlongSplineGoal.h
Symlinking /home/turtlebot3remote/iiwa_stack_ws/devel/include/iiwa_msgs/MoveToCartesianPoseActionFeedback.h
Symlinking /home/turtlebot3remote/iiwa_stack_ws/devel/include/iiwa_msgs/MoveToCartesianPoseActionResult.h
Symlinking /home/turtlebot3remote/iiwa_stack_ws/devel/include/iiwa_msgs/SinePatternControlMode.h
Symlinking /home/turtlebot3remote/iiwa_stack_ws/devel/include/iiwa_msgs/MoveToJointPositionResult.h
Symlinking /home/turtlebot3remote/iiwa_stack_ws/devel/include/iiwa_msgs/SetWorkpiece.h
Symlinking /home/turtlebot3remote/iiwa_stack_ws/devel/include/iiwa_msgs/SetSmartServoLinSpeedLimitsResponse.h
Symlinking /home/turtlebot3remote/iiwa_stack_ws/devel/include/iiwa_msgs/CartesianImpedanceControlMode.h
Symlinking /home/turtlebot3remote/iiwa_stack_ws/devel/include/iiwa_msgs/SetSmartServoLinSpeedLimits.h
Symlinking /home/turtlebot3remote/iiwa_stack_ws/devel/include/iiwa_msgs/JointPosition.h
Symlinking /home/turtlebot3remote/iiwa_stack_ws/devel/include/iiwa_msgs/SetPTPJointSpeedLimitsRequest.h
Symlinking /home/turtlebot3remote/iiwa_stack_ws/devel/include/iiwa_msgs/MoveToCartesianPoseAction.h
Symlinking /home/turtlebot3remote/iiwa_stack_ws/devel/include/iiwa_msgs/SetSmartServoJointSpeedLimitsRequest.h
Symlinking /home/turtlebot3remote/iiwa_stack_ws/devel/include/iiwa_msgs/SetPTPCartesianSpeedLimits.h
Symlinking /home/turtlebot3remote/iiwa_stack_ws/devel/include/iiwa_msgs/SetSmartServoJointSpeedLimits.h
Symlinking /home/turtlebot3remote/iiwa_stack_ws/devel/include/iiwa_msgs/RedundancyInformation.h
Symlinking /home/turtlebot3remote/iiwa_stack_ws/devel/include/iiwa_msgs/CartesianPose.h
Symlinking /home/turtlebot3remote/iiwa_stack_ws/devel/include/iiwa_msgs/JointVelocity.h
Symlinking /home/turtlebot3remote/iiwa_stack_ws/devel/include/iiwa_msgs/SplineSegment.h
