Determining if the pthread_create exist failed with the following output:
Change Dir: /home/turtlebot3remote/iiwa_stack_ws/build/iiwa_hw/CMakeFiles/CMakeTmp

Run Build Command:"/usr/bin/make" "cmTC_ceeec/fast"
/usr/bin/make -f CMakeFiles/cmTC_ceeec.dir/build.make CMakeFiles/cmTC_ceeec.dir/build
make[1]: Entering directory '/home/turtlebot3remote/iiwa_stack_ws/build/iiwa_hw/CMakeFiles/CMakeTmp'
Building C object CMakeFiles/cmTC_ceeec.dir/CheckSymbolExists.c.o
/usr/bin/cc     -o CMakeFiles/cmTC_ceeec.dir/CheckSymbolExists.c.o   -c /home/turtlebot3remote/iiwa_stack_ws/build/iiwa_hw/CMakeFiles/CMakeTmp/CheckSymbolExists.c
Linking C executable cmTC_ceeec
/usr/bin/cmake -E cmake_link_script CMakeFiles/cmTC_ceeec.dir/link.txt --verbose=1
/usr/bin/cc       CMakeFiles/cmTC_ceeec.dir/CheckSymbolExists.c.o  -o cmTC_ceeec -rdynamic 
CMakeFiles/cmTC_ceeec.dir/CheckSymbolExists.c.o: In function `main':
CheckSymbolExists.c:(.text+0x16): undefined reference to `pthread_create'
collect2: error: ld returned 1 exit status
CMakeFiles/cmTC_ceeec.dir/build.make:97: recipe for target 'cmTC_ceeec' failed
make[1]: *** [cmTC_ceeec] Error 1
make[1]: Leaving directory '/home/turtlebot3remote/iiwa_stack_ws/build/iiwa_hw/CMakeFiles/CMakeTmp'
Makefile:126: recipe for target 'cmTC_ceeec/fast' failed
make: *** [cmTC_ceeec/fast] Error 2

File /home/turtlebot3remote/iiwa_stack_ws/build/iiwa_hw/CMakeFiles/CMakeTmp/CheckSymbolExists.c:
/* */
#include <pthread.h>

int main(int argc, char** argv)
{
  (void)argv;
#ifndef pthread_create
  return ((int*)(&pthread_create))[argc];
#else
  (void)argc;
  return 0;
#endif
}

Determining if the function pthread_create exists in the pthreads failed with the following output:
Change Dir: /home/turtlebot3remote/iiwa_stack_ws/build/iiwa_hw/CMakeFiles/CMakeTmp

Run Build Command:"/usr/bin/make" "cmTC_e3a1c/fast"
/usr/bin/make -f CMakeFiles/cmTC_e3a1c.dir/build.make CMakeFiles/cmTC_e3a1c.dir/build
make[1]: Entering directory '/home/turtlebot3remote/iiwa_stack_ws/build/iiwa_hw/CMakeFiles/CMakeTmp'
Building C object CMakeFiles/cmTC_e3a1c.dir/CheckFunctionExists.c.o
/usr/bin/cc    -DCHECK_FUNCTION_EXISTS=pthread_create   -o CMakeFiles/cmTC_e3a1c.dir/CheckFunctionExists.c.o   -c /usr/share/cmake-3.5/Modules/CheckFunctionExists.c
Linking C executable cmTC_e3a1c
/usr/bin/cmake -E cmake_link_script CMakeFiles/cmTC_e3a1c.dir/link.txt --verbose=1
/usr/bin/cc   -DCHECK_FUNCTION_EXISTS=pthread_create    CMakeFiles/cmTC_e3a1c.dir/CheckFunctionExists.c.o  -o cmTC_e3a1c -rdynamic -lpthreads 
/usr/bin/ld: cannot find -lpthreads
collect2: error: ld returned 1 exit status
CMakeFiles/cmTC_e3a1c.dir/build.make:97: recipe for target 'cmTC_e3a1c' failed
make[1]: *** [cmTC_e3a1c] Error 1
make[1]: Leaving directory '/home/turtlebot3remote/iiwa_stack_ws/build/iiwa_hw/CMakeFiles/CMakeTmp'
Makefile:126: recipe for target 'cmTC_e3a1c/fast' failed
make: *** [cmTC_e3a1c/fast] Error 2


